{"meta": {"format": 3, "version": "7.11.0", "timestamp": "2025-10-22T23:36:06.780181", "branch_coverage": false, "show_contexts": false}, "files": {"auth.py": {"executed_lines": [1, 5, 6, 7, 8, 9, 11, 12, 13, 14, 15, 18, 19, 20, 22, 25, 28, 34, 35, 36, 38, 39, 40, 41, 42, 44, 45, 46, 47, 48, 49, 51, 52, 53, 54, 55, 61, 62, 78, 82, 86, 123, 136, 180, 222], "summary": {"covered_lines": 34, "num_statements": 113, "percent_covered": 30.088495575221238, "percent_covered_display": "30.09", "missing_lines": 79, "excluded_lines": 0}, "missing_lines": [64, 65, 70, 71, 72, 73, 75, 76, 80, 84, 88, 89, 90, 96, 97, 99, 102, 103, 106, 112, 119, 120, 121, 125, 127, 128, 130, 132, 133, 134, 138, 144, 145, 146, 147, 149, 150, 152, 153, 156, 157, 158, 164, 165, 167, 169, 176, 177, 178, 182, 184, 185, 187, 191, 192, 198, 199, 201, 206, 213, 214, 215, 216, 217, 227, 228, 229, 231, 233, 235, 236, 238, 243, 244, 246, 247, 248, 249, 250], "excluded_lines": [], "functions": {"get_auth_db_connection": {"executed_lines": [], "summary": {"covered_lines": 0, "num_statements": 8, "percent_covered": 0.0, "percent_covered_display": "0.00", "missing_lines": 8, "excluded_lines": 0}, "missing_lines": [64, 65, 70, 71, 72, 73, 75, 76], "excluded_lines": []}, "verify_password": {"executed_lines": [], "summary": {"covered_lines": 0, "num_statements": 1, "percent_covered": 0.0, "percent_covered_display": "0.00", "missing_lines": 1, "excluded_lines": 0}, "missing_lines": [80], "excluded_lines": []}, "get_password_hash": {"executed_lines": [], "summary": {"covered_lines": 0, "num_statements": 1, "percent_covered": 0.0, "percent_covered_display": "0.00", "missing_lines": 1, "excluded_lines": 0}, "missing_lines": [84], "excluded_lines": []}, "authenticate_user": {"executed_lines": [], "summary": {"covered_lines": 0, "num_statements": 13, "percent_covered": 0.0, "percent_covered_display": "0.00", "missing_lines": 13, "excluded_lines": 0}, "missing_lines": [88, 89, 90, 96, 97, 99, 102, 103, 106, 112, 119, 120, 121], "excluded_lines": []}, "create_access_token": {"executed_lines": [], "summary": {"covered_lines": 0, "num_statements": 7, "percent_covered": 0.0, "percent_covered_display": "0.00", "missing_lines": 7, "excluded_lines": 0}, "missing_lines": [125, 127, 128, 130, 132, 133, 134], "excluded_lines": []}, "verify_token": {"executed_lines": [], "summary": {"covered_lines": 0, "num_statements": 19, "percent_covered": 0.0, "percent_covered_display": "0.00", "missing_lines": 19, "excluded_lines": 0}, "missing_lines": [138, 144, 145, 146, 147, 149, 150, 152, 153, 156, 157, 158, 164, 165, 167, 169, 176, 177, 178], "excluded_lines": []}, "create_user": {"executed_lines": [], "summary": {"covered_lines": 0, "num_statements": 15, "percent_covered": 0.0, "percent_covered_display": "0.00", "missing_lines": 15, "excluded_lines": 0}, "missing_lines": [182, 184, 185, 187, 191, 192, 198, 199, 201, 206, 213, 214, 215, 216, 217], "excluded_lines": []}, "auto_bootstrap_admin": {"executed_lines": [], "summary": {"covered_lines": 0, "num_statements": 15, "percent_covered": 0.0, "percent_covered_display": "0.00", "missing_lines": 15, "excluded_lines": 0}, "missing_lines": [227, 228, 229, 231, 233, 235, 236, 238, 243, 244, 246, 247, 248, 249, 250], "excluded_lines": []}, "": {"executed_lines": [1, 5, 6, 7, 8, 9, 11, 12, 13, 14, 15, 18, 19, 20, 22, 25, 28, 34, 35, 36, 38, 39, 40, 41, 42, 44, 45, 46, 47, 48, 49, 51, 52, 53, 54, 55, 61, 62, 78, 82, 86, 123, 136, 180, 222], "summary": {"covered_lines": 34, "num_statements": 34, "percent_covered": 100.0, "percent_covered_display": "100.00", "missing_lines": 0, "excluded_lines": 0}, "missing_lines": [], "excluded_lines": []}}, "classes": {"LoginRequest": {"executed_lines": [], "summary": {"covered_lines": 0, "num_statements": 0, "percent_covered": 100.0, "percent_covered_display": "100.00", "missing_lines": 0, "excluded_lines": 0}, "missing_lines": [], "excluded_lines": []}, "TokenResponse": {"executed_lines": [], "summary": {"covered_lines": 0, "num_statements": 0, "percent_covered": 100.0, "percent_covered_display": "100.00", "missing_lines": 0, "excluded_lines": 0}, "missing_lines": [], "excluded_lines": []}, "Usuario": {"executed_lines": [], "summary": {"covered_lines": 0, "num_statements": 0, "percent_covered": 100.0, "percent_covered_display": "100.00", "missing_lines": 0, "excluded_lines": 0}, "missing_lines": [], "excluded_lines": []}, "CreateUserRequest": {"executed_lines": [], "summary": {"covered_lines": 0, "num_statements": 0, "percent_covered": 100.0, "percent_covered_display": "100.00", "missing_lines": 0, "excluded_lines": 0}, "missing_lines": [], "excluded_lines": []}, "": {"executed_lines": [1, 5, 6, 7, 8, 9, 11, 12, 13, 14, 15, 18, 19, 20, 22, 25, 28, 34, 35, 36, 38, 39, 40, 41, 42, 44, 45, 46, 47, 48, 49, 51, 52, 53, 54, 55, 61, 62, 78, 82, 86, 123, 136, 180, 222], "summary": {"covered_lines": 34, "num_statements": 113, "percent_covered": 30.088495575221238, "percent_covered_display": "30.09", "missing_lines": 79, "excluded_lines": 0}, "missing_lines": [64, 65, 70, 71, 72, 73, 75, 76, 80, 84, 88, 89, 90, 96, 97, 99, 102, 103, 106, 112, 119, 120, 121, 125, 127, 128, 130, 132, 133, 134, 138, 144, 145, 146, 147, 149, 150, 152, 153, 156, 157, 158, 164, 165, 167, 169, 176, 177, 178, 182, 184, 185, 187, 191, 192, 198, 199, 201, 206, 213, 214, 215, 216, 217, 227, 228, 229, 231, 233, 235, 236, 238, 243, 244, 246, 247, 248, 249, 250], "excluded_lines": []}}}, "email_notifier.py": {"executed_lines": [], "summary": {"covered_lines": 0, "num_statements": 158, "percent_covered": 0.0, "percent_covered_display": "0.00", "missing_lines": 158, "excluded_lines": 0}, "missing_lines": [7, 8, 9, 10, 11, 12, 14, 17, 22, 24, 25, 26, 28, 29, 30, 31, 32, 33, 35, 36, 37, 39, 64, 65, 66, 68, 70, 71, 74, 75, 78, 90, 98, 100, 101, 102, 104, 105, 107, 108, 109, 111, 125, 126, 127, 129, 130, 133, 134, 137, 138, 139, 140, 141, 147, 155, 156, 157, 158, 159, 161, 162, 163, 165, 174, 242, 244, 276, 277, 278, 281, 282, 283, 284, 287, 288, 289, 290, 292, 295, 302, 303, 306, 309, 310, 311, 312, 313, 316, 327, 329, 331, 333, 334, 335, 336, 338, 339, 340, 343, 344, 345, 346, 349, 368, 385, 387, 399, 401, 402, 405, 406, 409, 422, 430, 432, 433, 434, 436, 437, 439, 440, 441, 443, 458, 459, 460, 461, 462, 463, 465, 466, 469, 470, 473, 474, 475, 483, 484, 485, 486, 487, 489, 490, 491, 493, 502, 575, 577, 579, 580, 581, 583, 597, 600, 602, 605, 607], "excluded_lines": [], "functions": {"EmailNotifier.__init__": {"executed_lines": [], "summary": {"covered_lines": 0, "num_statements": 12, "percent_covered": 0.0, "percent_covered_display": "0.00", "missing_lines": 12, "excluded_lines": 0}, "missing_lines": [24, 25, 26, 28, 29, 30, 31, 32, 33, 35, 36, 37], "excluded_lines": []}, "EmailNotifier.send_etl_summary": {"executed_lines": [], "summary": {"covered_lines": 0, "num_statements": 19, "percent_covered": 0.0, "percent_covered_display": "0.00", "missing_lines": 19, "excluded_lines": 0}, "missing_lines": [64, 65, 66, 68, 70, 71, 74, 75, 78, 90, 98, 100, 101, 102, 104, 105, 107, 108, 109], "excluded_lines": []}, "EmailNotifier._build_email_body": {"executed_lines": [], "summary": {"covered_lines": 0, "num_statements": 24, "percent_covered": 0.0, "percent_covered_display": "0.00", "missing_lines": 24, "excluded_lines": 0}, "missing_lines": [125, 126, 127, 129, 130, 133, 134, 137, 138, 139, 140, 141, 147, 155, 156, 157, 158, 159, 161, 162, 163, 165, 174, 242], "excluded_lines": []}, "EmailNotifier.send_multi_tienda_etl_summary": {"executed_lines": [], "summary": {"covered_lines": 0, "num_statements": 22, "percent_covered": 0.0, "percent_covered_display": "0.00", "missing_lines": 22, "excluded_lines": 0}, "missing_lines": [276, 277, 278, 281, 282, 283, 284, 287, 288, 289, 290, 292, 295, 302, 303, 306, 309, 310, 311, 312, 313, 316], "excluded_lines": []}, "EmailNotifier._build_tiendas_detail_table": {"executed_lines": [], "summary": {"covered_lines": 0, "num_statements": 16, "percent_covered": 0.0, "percent_covered_display": "0.00", "missing_lines": 16, "excluded_lines": 0}, "missing_lines": [329, 331, 333, 334, 335, 336, 338, 339, 340, 343, 344, 345, 346, 349, 368, 385], "excluded_lines": []}, "EmailNotifier._send_custom_etl_email": {"executed_lines": [], "summary": {"covered_lines": 0, "num_statements": 16, "percent_covered": 0.0, "percent_covered_display": "0.00", "missing_lines": 16, "excluded_lines": 0}, "missing_lines": [399, 401, 402, 405, 406, 409, 422, 430, 432, 433, 434, 436, 437, 439, 440, 441], "excluded_lines": []}, "EmailNotifier._build_custom_email_body": {"executed_lines": [], "summary": {"covered_lines": 0, "num_statements": 24, "percent_covered": 0.0, "percent_covered_display": "0.00", "missing_lines": 24, "excluded_lines": 0}, "missing_lines": [458, 459, 460, 461, 462, 463, 465, 466, 469, 470, 473, 474, 475, 483, 484, 485, 486, 487, 489, 490, 491, 493, 502, 575], "excluded_lines": []}, "EmailNotifier.send_test_email": {"executed_lines": [], "summary": {"covered_lines": 0, "num_statements": 4, "percent_covered": 0.0, "percent_covered_display": "0.00", "missing_lines": 4, "excluded_lines": 0}, "missing_lines": [579, 580, 581, 583], "excluded_lines": []}, "send_etl_notification": {"executed_lines": [], "summary": {"covered_lines": 0, "num_statements": 1, "percent_covered": 0.0, "percent_covered_display": "0.00", "missing_lines": 1, "excluded_lines": 0}, "missing_lines": [602], "excluded_lines": []}, "send_multi_tienda_notification": {"executed_lines": [], "summary": {"covered_lines": 0, "num_statements": 1, "percent_covered": 0.0, "percent_covered_display": "0.00", "missing_lines": 1, "excluded_lines": 0}, "missing_lines": [607], "excluded_lines": []}, "": {"executed_lines": [], "summary": {"covered_lines": 0, "num_statements": 19, "percent_covered": 0.0, "percent_covered_display": "0.00", "missing_lines": 19, "excluded_lines": 0}, "missing_lines": [7, 8, 9, 10, 11, 12, 14, 17, 22, 39, 111, 244, 327, 387, 443, 577, 597, 600, 605], "excluded_lines": []}}, "classes": {"EmailNotifier": {"executed_lines": [], "summary": {"covered_lines": 0, "num_statements": 137, "percent_covered": 0.0, "percent_covered_display": "0.00", "missing_lines": 137, "excluded_lines": 0}, "missing_lines": [24, 25, 26, 28, 29, 30, 31, 32, 33, 35, 36, 37, 64, 65, 66, 68, 70, 71, 74, 75, 78, 90, 98, 100, 101, 102, 104, 105, 107, 108, 109, 125, 126, 127, 129, 130, 133, 134, 137, 138, 139, 140, 141, 147, 155, 156, 157, 158, 159, 161, 162, 163, 165, 174, 242, 276, 277, 278, 281, 282, 283, 284, 287, 288, 289, 290, 292, 295, 302, 303, 306, 309, 310, 311, 312, 313, 316, 329, 331, 333, 334, 335, 336, 338, 339, 340, 343, 344, 345, 346, 349, 368, 385, 399, 401, 402, 405, 406, 409, 422, 430, 432, 433, 434, 436, 437, 439, 440, 441, 458, 459, 460, 461, 462, 463, 465, 466, 469, 470, 473, 474, 475, 483, 484, 485, 486, 487, 489, 490, 491, 493, 502, 575, 579, 580, 581, 583], "excluded_lines": []}, "": {"executed_lines": [], "summary": {"covered_lines": 0, "num_statements": 21, "percent_covered": 0.0, "percent_covered_display": "0.00", "missing_lines": 21, "excluded_lines": 0}, "missing_lines": [7, 8, 9, 10, 11, 12, 14, 17, 22, 39, 111, 244, 327, 387, 443, 577, 597, 600, 602, 605, 607], "excluded_lines": []}}}, "etl_notifier.py": {"executed_lines": [], "summary": {"covered_lines": 0, "num_statements": 33, "percent_covered": 0.0, "percent_covered_display": "0.00", "missing_lines": 33, "excluded_lines": 0}, "missing_lines": [7, 8, 9, 10, 12, 15, 18, 19, 20, 21, 22, 23, 24, 25, 27, 28, 31, 53, 54, 55, 57, 58, 59, 61, 62, 64, 73, 74, 76, 78, 80, 81, 82], "excluded_lines": [], "functions": {"send_etl_notification": {"executed_lines": [], "summary": {"covered_lines": 0, "num_statements": 16, "percent_covered": 0.0, "percent_covered_display": "0.00", "missing_lines": 16, "excluded_lines": 0}, "missing_lines": [53, 54, 55, 57, 58, 59, 61, 62, 64, 73, 74, 76, 78, 80, 81, 82], "excluded_lines": []}, "": {"executed_lines": [], "summary": {"covered_lines": 0, "num_statements": 17, "percent_covered": 0.0, "percent_covered_display": "0.00", "missing_lines": 17, "excluded_lines": 0}, "missing_lines": [7, 8, 9, 10, 12, 15, 18, 19, 20, 21, 22, 23, 24, 25, 27, 28, 31], "excluded_lines": []}}, "classes": {"": {"executed_lines": [], "summary": {"covered_lines": 0, "num_statements": 33, "percent_covered": 0.0, "percent_covered_display": "0.00", "missing_lines": 33, "excluded_lines": 0}, "missing_lines": [7, 8, 9, 10, 12, 15, 18, 19, 20, 21, 22, 23, 24, 25, 27, 28, 31, 53, 54, 55, 57, 58, 59, 61, 62, 64, 73, 74, 76, 78, 80, 81, 82], "excluded_lines": []}}}, "etl_scheduler.py": {"executed_lines": [2, 7, 8, 9, 10, 11, 12, 13, 14, 15, 18, 21, 22, 28, 33, 35, 36, 37, 38, 39, 40, 41, 43, 44, 45, 46, 47, 48, 49, 50, 51, 53, 54, 61, 79, 84, 100, 105, 116, 140, 166, 288, 297, 317, 360, 390, 407, 447], "summary": {"covered_lines": 44, "num_statements": 242, "percent_covered": 18.181818181818183, "percent_covered_display": "18.18", "missing_lines": 198, "excluded_lines": 0}, "missing_lines": [29, 30, 31, 62, 63, 64, 65, 66, 67, 70, 73, 74, 75, 77, 81, 82, 86, 87, 88, 90, 91, 92, 95, 96, 98, 102, 103, 107, 108, 111, 112, 114, 118, 119, 122, 128, 129, 131, 132, 134, 136, 137, 138, 142, 144, 145, 147, 148, 150, 154, 155, 158, 159, 160, 162, 163, 164, 174, 175, 176, 178, 179, 182, 193, 194, 197, 198, 199, 205, 207, 208, 211, 212, 214, 215, 216, 218, 219, 220, 221, 222, 223, 224, 226, 229, 230, 231, 232, 233, 234, 236, 238, 240, 241, 242, 243, 245, 246, 248, 249, 252, 253, 255, 257, 258, 261, 263, 265, 270, 271, 272, 273, 278, 279, 280, 281, 284, 285, 286, 291, 292, 295, 299, 301, 302, 304, 306, 307, 310, 311, 312, 314, 315, 319, 320, 321, 324, 325, 327, 329, 330, 332, 333, 334, 335, 337, 339, 341, 343, 344, 347, 348, 349, 350, 352, 355, 356, 358, 365, 366, 367, 369, 371, 372, 374, 382, 384, 386, 387, 388, 392, 415, 416, 419, 420, 421, 422, 424, 425, 426, 427, 428, 430, 433, 438, 440, 452, 453, 454, 456, 457, 458, 460, 461, 462, 463, 464, 466], "excluded_lines": [], "functions": {"VentasETLScheduler.__init__": {"executed_lines": [], "summary": {"covered_lines": 0, "num_statements": 11, "percent_covered": 0.0, "percent_covered_display": "0.00", "missing_lines": 11, "excluded_lines": 0}, "missing_lines": [62, 63, 64, 65, 66, 67, 70, 73, 74, 75, 77], "excluded_lines": []}, "VentasETLScheduler.set_etl_callback": {"executed_lines": [], "summary": {"covered_lines": 0, "num_statements": 2, "percent_covered": 0.0, "percent_covered_display": "0.00", "missing_lines": 2, "excluded_lines": 0}, "missing_lines": [81, 82], "excluded_lines": []}, "VentasETLScheduler.start": {"executed_lines": [], "summary": {"covered_lines": 0, "num_statements": 9, "percent_covered": 0.0, "percent_covered_display": "0.00", "missing_lines": 9, "excluded_lines": 0}, "missing_lines": [86, 87, 88, 90, 91, 92, 95, 96, 98], "excluded_lines": []}, "VentasETLScheduler.stop": {"executed_lines": [], "summary": {"covered_lines": 0, "num_statements": 2, "percent_covered": 0.0, "percent_covered_display": "0.00", "missing_lines": 2, "excluded_lines": 0}, "missing_lines": [102, 103], "excluded_lines": []}, "VentasETLScheduler._calculate_next_execution": {"executed_lines": [], "summary": {"covered_lines": 0, "num_statements": 5, "percent_covered": 0.0, "percent_covered_display": "0.00", "missing_lines": 5, "excluded_lines": 0}, "missing_lines": [107, 108, 111, 112, 114], "excluded_lines": []}, "VentasETLScheduler._get_all_tiendas": {"executed_lines": [], "summary": {"covered_lines": 0, "num_statements": 11, "percent_covered": 0.0, "percent_covered_display": "0.00", "missing_lines": 11, "excluded_lines": 0}, "missing_lines": [118, 119, 122, 128, 129, 131, 132, 134, 136, 137, 138], "excluded_lines": []}, "VentasETLScheduler._run_scheduler": {"executed_lines": [], "summary": {"covered_lines": 0, "num_statements": 14, "percent_covered": 0.0, "percent_covered_display": "0.00", "missing_lines": 14, "excluded_lines": 0}, "missing_lines": [142, 144, 145, 147, 148, 150, 154, 155, 158, 159, 160, 162, 163, 164], "excluded_lines": []}, "VentasETLScheduler._execute_daily_etl_with_dates": {"executed_lines": [], "summary": {"covered_lines": 0, "num_statements": 62, "percent_covered": 0.0, "percent_covered_display": "0.00", "missing_lines": 62, "excluded_lines": 0}, "missing_lines": [174, 175, 176, 178, 179, 182, 193, 194, 197, 198, 199, 205, 207, 208, 211, 212, 214, 215, 216, 218, 219, 220, 221, 222, 223, 224, 226, 229, 230, 231, 232, 233, 234, 236, 238, 240, 241, 242, 243, 245, 246, 248, 249, 252, 253, 255, 257, 258, 261, 263, 265, 270, 271, 272, 273, 278, 279, 280, 281, 284, 285, 286], "excluded_lines": []}, "VentasETLScheduler._execute_daily_etl": {"executed_lines": [], "summary": {"covered_lines": 0, "num_statements": 3, "percent_covered": 0.0, "percent_covered_display": "0.00", "missing_lines": 3, "excluded_lines": 0}, "missing_lines": [291, 292, 295], "excluded_lines": []}, "VentasETLScheduler._run_retry_scheduler": {"executed_lines": [], "summary": {"covered_lines": 0, "num_statements": 11, "percent_covered": 0.0, "percent_covered_display": "0.00", "missing_lines": 11, "excluded_lines": 0}, "missing_lines": [299, 301, 302, 304, 306, 307, 310, 311, 312, 314, 315], "excluded_lines": []}, "VentasETLScheduler._execute_retries": {"executed_lines": [], "summary": {"covered_lines": 0, "num_statements": 25, "percent_covered": 0.0, "percent_covered_display": "0.00", "missing_lines": 25, "excluded_lines": 0}, "missing_lines": [319, 320, 321, 324, 325, 327, 329, 330, 332, 333, 334, 335, 337, 339, 341, 343, 344, 347, 348, 349, 350, 352, 355, 356, 358], "excluded_lines": []}, "VentasETLScheduler._execute_etl_for_store": {"executed_lines": [], "summary": {"covered_lines": 0, "num_statements": 12, "percent_covered": 0.0, "percent_covered_display": "0.00", "missing_lines": 12, "excluded_lines": 0}, "missing_lines": [365, 366, 367, 369, 371, 372, 374, 382, 384, 386, 387, 388], "excluded_lines": []}, "VentasETLScheduler.get_status": {"executed_lines": [], "summary": {"covered_lines": 0, "num_statements": 1, "percent_covered": 0.0, "percent_covered_display": "0.00", "missing_lines": 1, "excluded_lines": 0}, "missing_lines": [392], "excluded_lines": []}, "VentasETLScheduler.trigger_manual_execution": {"executed_lines": [], "summary": {"covered_lines": 0, "num_statements": 15, "percent_covered": 0.0, "percent_covered_display": "0.00", "missing_lines": 15, "excluded_lines": 0}, "missing_lines": [415, 416, 419, 420, 421, 422, 424, 425, 426, 427, 428, 430, 433, 438, 440], "excluded_lines": []}, "VentasETLScheduler.update_config": {"executed_lines": [], "summary": {"covered_lines": 0, "num_statements": 12, "percent_covered": 0.0, "percent_covered_display": "0.00", "missing_lines": 12, "excluded_lines": 0}, "missing_lines": [452, 453, 454, 456, 457, 458, 460, 461, 462, 463, 464, 466], "excluded_lines": []}, "": {"executed_lines": [2, 7, 8, 9, 10, 11, 12, 13, 14, 15, 18, 21, 22, 28, 33, 35, 36, 37, 38, 39, 40, 41, 43, 44, 45, 46, 47, 48, 49, 50, 51, 53, 54, 61, 79, 84, 100, 105, 116, 140, 166, 288, 297, 317, 360, 390, 407, 447], "summary": {"covered_lines": 44, "num_statements": 47, "percent_covered": 93.61702127659575, "percent_covered_display": "93.62", "missing_lines": 3, "excluded_lines": 0}, "missing_lines": [29, 30, 31], "excluded_lines": []}}, "classes": {"RetryConfig": {"executed_lines": [], "summary": {"covered_lines": 0, "num_statements": 0, "percent_covered": 100.0, "percent_covered_display": "100.00", "missing_lines": 0, "excluded_lines": 0}, "missing_lines": [], "excluded_lines": []}, "SchedulerStatus": {"executed_lines": [], "summary": {"covered_lines": 0, "num_statements": 0, "percent_covered": 100.0, "percent_covered_display": "100.00", "missing_lines": 0, "excluded_lines": 0}, "missing_lines": [], "excluded_lines": []}, "VentasETLScheduler": {"executed_lines": [], "summary": {"covered_lines": 0, "num_statements": 195, "percent_covered": 0.0, "percent_covered_display": "0.00", "missing_lines": 195, "excluded_lines": 0}, "missing_lines": [62, 63, 64, 65, 66, 67, 70, 73, 74, 75, 77, 81, 82, 86, 87, 88, 90, 91, 92, 95, 96, 98, 102, 103, 107, 108, 111, 112, 114, 118, 119, 122, 128, 129, 131, 132, 134, 136, 137, 138, 142, 144, 145, 147, 148, 150, 154, 155, 158, 159, 160, 162, 163, 164, 174, 175, 176, 178, 179, 182, 193, 194, 197, 198, 199, 205, 207, 208, 211, 212, 214, 215, 216, 218, 219, 220, 221, 222, 223, 224, 226, 229, 230, 231, 232, 233, 234, 236, 238, 240, 241, 242, 243, 245, 246, 248, 249, 252, 253, 255, 257, 258, 261, 263, 265, 270, 271, 272, 273, 278, 279, 280, 281, 284, 285, 286, 291, 292, 295, 299, 301, 302, 304, 306, 307, 310, 311, 312, 314, 315, 319, 320, 321, 324, 325, 327, 329, 330, 332, 333, 334, 335, 337, 339, 341, 343, 344, 347, 348, 349, 350, 352, 355, 356, 358, 365, 366, 367, 369, 371, 372, 374, 382, 384, 386, 387, 388, 392, 415, 416, 419, 420, 421, 422, 424, 425, 426, 427, 428, 430, 433, 438, 440, 452, 453, 454, 456, 457, 458, 460, 461, 462, 463, 464, 466], "excluded_lines": []}, "": {"executed_lines": [2, 7, 8, 9, 10, 11, 12, 13, 14, 15, 18, 21, 22, 28, 33, 35, 36, 37, 38, 39, 40, 41, 43, 44, 45, 46, 47, 48, 49, 50, 51, 53, 54, 61, 79, 84, 100, 105, 116, 140, 166, 288, 297, 317, 360, 390, 407, 447], "summary": {"covered_lines": 44, "num_statements": 47, "percent_covered": 93.61702127659575, "percent_covered_display": "93.62", "missing_lines": 3, "excluded_lines": 0}, "missing_lines": [29, 30, 31], "excluded_lines": []}}}, "forecast_pmp.py": {"executed_lines": [1, 16, 17, 18, 19, 20, 21, 24, 25, 27, 49, 53, 57, 95, 267, 380, 427, 477, 545], "summary": {"covered_lines": 16, "num_statements": 132, "percent_covered": 12.121212121212121, "percent_covered_display": "12.12", "missing_lines": 116, "excluded_lines": 20}, "missing_lines": [29, 31, 33, 35, 36, 38, 39, 41, 42, 44, 46, 47, 50, 51, 54, 55, 59, 71, 73, 74, 85, 112, 116, 172, 174, 175, 178, 179, 180, 182, 183, 184, 187, 190, 191, 194, 202, 203, 205, 216, 218, 219, 221, 224, 227, 229, 230, 232, 233, 235, 237, 238, 239, 240, 241, 244, 247, 248, 250, 252, 261, 286, 287, 289, 291, 294, 316, 318, 320, 329, 330, 332, 333, 334, 337, 338, 341, 344, 345, 348, 356, 357, 359, 361, 400, 401, 410, 411, 413, 414, 415, 416, 419, 420, 421, 422, 423, 425, 429, 431, 452, 473, 475, 494, 495, 497, 514, 516, 517, 518, 520, 522, 524, 525, 526, 539], "excluded_lines": [545, 546, 548, 549, 550, 551, 553, 554, 556, 557, 558, 560, 561, 562, 563, 564, 565, 566, 568, 569], "functions": {"ForecastPMP.__init__": {"executed_lines": [], "summary": {"covered_lines": 0, "num_statements": 12, "percent_covered": 0.0, "percent_covered_display": "0.00", "missing_lines": 12, "excluded_lines": 0}, "missing_lines": [29, 31, 33, 35, 36, 38, 39, 41, 42, 44, 46, 47], "excluded_lines": []}, "ForecastPMP.__enter__": {"executed_lines": [], "summary": {"covered_lines": 0, "num_statements": 2, "percent_covered": 0.0, "percent_covered_display": "0.00", "missing_lines": 2, "excluded_lines": 0}, "missing_lines": [50, 51], "excluded_lines": []}, "ForecastPMP.__exit__": {"executed_lines": [], "summary": {"covered_lines": 0, "num_statements": 2, "percent_covered": 0.0, "percent_covered_display": "0.00", "missing_lines": 2, "excluded_lines": 0}, "missing_lines": [54, 55], "excluded_lines": []}, "ForecastPMP.get_forecast_params": {"executed_lines": [], "summary": {"covered_lines": 0, "num_statements": 5, "percent_covered": 0.0, "percent_covered_display": "0.00", "missing_lines": 5, "excluded_lines": 0}, "missing_lines": [59, 71, 73, 74, 85], "excluded_lines": []}, "ForecastPMP.calcular_forecast_diario": {"executed_lines": [], "summary": {"covered_lines": 0, "num_statements": 40, "percent_covered": 0.0, "percent_covered_display": "0.00", "missing_lines": 40, "excluded_lines": 0}, "missing_lines": [112, 116, 172, 174, 175, 178, 179, 180, 182, 183, 184, 187, 190, 191, 194, 202, 203, 205, 216, 218, 219, 221, 224, 227, 229, 230, 232, 233, 235, 237, 238, 239, 240, 241, 244, 247, 248, 250, 252, 261], "excluded_lines": []}, "ForecastPMP.calcular_forecast_producto": {"executed_lines": [], "summary": {"covered_lines": 0, "num_statements": 23, "percent_covered": 0.0, "percent_covered_display": "0.00", "missing_lines": 23, "excluded_lines": 0}, "missing_lines": [286, 287, 289, 291, 294, 316, 318, 320, 329, 330, 332, 333, 334, 337, 338, 341, 344, 345, 348, 356, 357, 359, 361], "excluded_lines": []}, "ForecastPMP.calcular_forecast_tienda": {"executed_lines": [], "summary": {"covered_lines": 0, "num_statements": 14, "percent_covered": 0.0, "percent_covered_display": "0.00", "missing_lines": 14, "excluded_lines": 0}, "missing_lines": [400, 401, 410, 411, 413, 414, 415, 416, 419, 420, 421, 422, 423, 425], "excluded_lines": []}, "ForecastPMP.guardar_forecast": {"executed_lines": [], "summary": {"covered_lines": 0, "num_statements": 5, "percent_covered": 0.0, "percent_covered_display": "0.00", "missing_lines": 5, "excluded_lines": 0}, "missing_lines": [429, 431, 452, 473, 475], "excluded_lines": []}, "ForecastPMP.obtener_forecast": {"executed_lines": [], "summary": {"covered_lines": 0, "num_statements": 13, "percent_covered": 0.0, "percent_covered_display": "0.00", "missing_lines": 13, "excluded_lines": 0}, "missing_lines": [494, 495, 497, 514, 516, 517, 518, 520, 522, 524, 525, 526, 539], "excluded_lines": []}, "": {"executed_lines": [1, 16, 17, 18, 19, 20, 21, 24, 25, 27, 49, 53, 57, 95, 267, 380, 427, 477, 545], "summary": {"covered_lines": 16, "num_statements": 16, "percent_covered": 100.0, "percent_covered_display": "100.00", "missing_lines": 0, "excluded_lines": 20}, "missing_lines": [], "excluded_lines": [545, 546, 548, 549, 550, 551, 553, 554, 556, 557, 558, 560, 561, 562, 563, 564, 565, 566, 568, 569]}}, "classes": {"ForecastPMP": {"executed_lines": [], "summary": {"covered_lines": 0, "num_statements": 116, "percent_covered": 0.0, "percent_covered_display": "0.00", "missing_lines": 116, "excluded_lines": 0}, "missing_lines": [29, 31, 33, 35, 36, 38, 39, 41, 42, 44, 46, 47, 50, 51, 54, 55, 59, 71, 73, 74, 85, 112, 116, 172, 174, 175, 178, 179, 180, 182, 183, 184, 187, 190, 191, 194, 202, 203, 205, 216, 218, 219, 221, 224, 227, 229, 230, 232, 233, 235, 237, 238, 239, 240, 241, 244, 247, 248, 250, 252, 261, 286, 287, 289, 291, 294, 316, 318, 320, 329, 330, 332, 333, 334, 337, 338, 341, 344, 345, 348, 356, 357, 359, 361, 400, 401, 410, 411, 413, 414, 415, 416, 419, 420, 421, 422, 423, 425, 429, 431, 452, 473, 475, 494, 495, 497, 514, 516, 517, 518, 520, 522, 524, 525, 526, 539], "excluded_lines": []}, "": {"executed_lines": [1, 16, 17, 18, 19, 20, 21, 24, 25, 27, 49, 53, 57, 95, 267, 380, 427, 477, 545], "summary": {"covered_lines": 16, "num_statements": 16, "percent_covered": 100.0, "percent_covered_display": "100.00", "missing_lines": 0, "excluded_lines": 20}, "missing_lines": [], "excluded_lines": [545, 546, 548, 549, 550, 551, 553, 554, 556, 557, 558, 560, 561, 562, 563, 564, 565, 566, 568, 569]}}}, "main.py": {"executed_lines": [2, 7, 8, 9, 10, 11, 12, 13, 14, 15, 16, 17, 18, 19, 22, 25, 26, 27, 33, 47, 50, 53, 54, 57, 64, 65, 99, 124, 125, 129, 130, 133, 134, 136, 137, 140, 141, 145, 148, 151, 154, 157, 160, 163, 166, 169, 171, 172, 174, 177, 178, 180, 183, 187, 188, 189, 190, 191, 192, 193, 194, 195, 197, 198, 199, 200, 201, 202, 203, 204, 205, 206, 208, 209, 210, 211, 212, 213, 214, 215, 216, 217, 218, 219, 220, 221, 222, 223, 224, 225, 226, 227, 228, 230, 231, 232, 233, 234, 235, 236, 237, 238, 240, 241, 242, 244, 245, 246, 247, 248, 249, 250, 251, 253, 254, 255, 256, 257, 258, 259, 260, 261, 263, 264, 265, 266, 267, 268, 269, 270, 272, 273, 274, 275, 276, 277, 278, 279, 281, 282, 283, 284, 285, 286, 287, 288, 289, 290, 291, 292, 294, 295, 296, 299, 300, 301, 302, 303, 305, 307, 308, 309, 310, 311, 312, 313, 314, 315, 316, 319, 320, 321, 322, 323, 324, 325, 326, 327, 328, 331, 332, 333, 334, 335, 336, 337, 338, 339, 342, 343, 344, 345, 346, 349, 350, 351, 352, 354, 355, 356, 357, 358, 359, 360, 361, 362, 363, 364, 365, 366, 370, 371, 380, 381, 404, 405, 433, 434, 441, 442, 449, 450, 465, 466, 514, 515, 555, 556, 603, 604, 644, 645, 697, 698, 738, 739, 758, 759, 958, 959, 1008, 1009, 1053, 1054, 1056, 1057, 1058, 1059, 1060, 1061, 1062, 1064, 1065, 1066, 1067, 1070, 1081, 1094, 1096, 1101, 1224, 1348, 1480, 1716, 1717, 1721, 1722, 1828, 1829, 1927, 1928, 1982, 1983, 2170, 2226, 2227, 2234, 2235, 2246, 2247, 2255, 2256, 2273, 2274, 2296, 2297, 2344, 2345, 2357, 2358, 2372, 2373, 2410, 2411, 2484, 2485, 2675, 2676, 2693, 2694, 2851, 2852, 2897, 2898, 2908, 2909, 3174, 3175, 3176, 3179, 3180, 3181, 3182, 3183, 3184, 3185, 3186, 3187, 3189, 3190, 3191, 3192, 3194, 3195, 3196, 3197, 3198, 3199, 3200, 3201, 3203, 3204, 3205, 3206, 3207, 3208, 3209, 3211, 3212, 3309, 3310, 3357, 3358, 3394, 3395, 3434], "summary": {"covered_lines": 175, "num_statements": 1141, "percent_covered": 15.337423312883436, "percent_covered_display": "15.34", "missing_lines": 966, "excluded_lines": 3}, "missing_lines": [28, 29, 30, 69, 72, 74, 75, 76, 77, 80, 81, 82, 89, 92, 94, 95, 96, 164, 175, 181, 184, 373, 386, 389, 394, 411, 413, 414, 420, 421, 426, 439, 447, 455, 462, 463, 471, 472, 474, 488, 491, 492, 494, 495, 496, 498, 503, 505, 507, 508, 509, 520, 521, 523, 525, 526, 532, 539, 540, 542, 543, 544, 545, 546, 558, 559, 562, 577, 578, 580, 582, 584, 585, 586, 597, 599, 600, 601, 606, 607, 608, 624, 626, 627, 628, 638, 640, 641, 642, 647, 648, 651, 653, 655, 674, 693, 694, 695, 700, 701, 702, 708, 710, 711, 712, 714, 716, 718, 719, 720, 732, 734, 735, 736, 741, 742, 743, 752, 754, 755, 756, 782, 784, 785, 786, 787, 789, 791, 798, 824, 827, 828, 829, 830, 832, 833, 834, 835, 837, 838, 839, 840, 842, 843, 844, 845, 846, 847, 850, 853, 862, 863, 864, 865, 866, 867, 868, 869, 870, 871, 872, 873, 874, 875, 876, 878, 879, 880, 883, 884, 887, 888, 891, 892, 893, 895, 896, 897, 898, 899, 900, 901, 904, 906, 908, 910, 911, 912, 936, 947, 952, 953, 954, 955, 956, 961, 962, 964, 976, 979, 991, 993, 1004, 1005, 1006, 1011, 1012, 1013, 1031, 1032, 1033, 1043, 1045, 1046, 1047, 1099, 1103, 1104, 1105, 1110, 1115, 1117, 1118, 1121, 1122, 1123, 1124, 1125, 1127, 1128, 1131, 1132, 1133, 1134, 1136, 1137, 1139, 1140, 1142, 1149, 1152, 1175, 1176, 1177, 1179, 1181, 1186, 1193, 1194, 1195, 1196, 1199, 1200, 1208, 1210, 1211, 1212, 1213, 1218, 1226, 1227, 1228, 1233, 1238, 1240, 1241, 1244, 1245, 1246, 1247, 1248, 1250, 1251, 1254, 1256, 1257, 1258, 1260, 1261, 1264, 1265, 1266, 1267, 1269, 1270, 1272, 1279, 1282, 1305, 1306, 1307, 1309, 1311, 1316, 1323, 1324, 1332, 1334, 1335, 1336, 1337, 1342, 1350, 1351, 1352, 1355, 1356, 1359, 1360, 1361, 1363, 1364, 1367, 1368, 1369, 1370, 1372, 1375, 1382, 1389, 1390, 1391, 1392, 1393, 1394, 1395, 1397, 1398, 1399, 1400, 1401, 1402, 1404, 1406, 1411, 1414, 1420, 1422, 1423, 1426, 1428, 1429, 1434, 1440, 1445, 1451, 1453, 1454, 1455, 1456, 1461, 1466, 1467, 1468, 1469, 1474, 1482, 1483, 1484, 1487, 1488, 1491, 1492, 1493, 1495, 1496, 1498, 1501, 1508, 1515, 1516, 1517, 1518, 1519, 1520, 1521, 1523, 1524, 1525, 1526, 1527, 1528, 1530, 1533, 1534, 1535, 1536, 1539, 1540, 1541, 1542, 1543, 1544, 1545, 1547, 1548, 1555, 1556, 1557, 1558, 1559, 1561, 1562, 1563, 1564, 1565, 1566, 1567, 1568, 1569, 1570, 1571, 1573, 1578, 1581, 1587, 1590, 1591, 1593, 1594, 1597, 1598, 1599, 1601, 1603, 1605, 1606, 1608, 1620, 1621, 1630, 1642, 1643, 1651, 1653, 1655, 1658, 1664, 1665, 1666, 1667, 1668, 1671, 1677, 1678, 1679, 1680, 1690, 1691, 1692, 1693, 1702, 1703, 1704, 1705, 1714, 1719, 1724, 1725, 1727, 1729, 1730, 1732, 1733, 1734, 1735, 1736, 1738, 1741, 1742, 1743, 1744, 1747, 1770, 1772, 1773, 1776, 1777, 1779, 1780, 1783, 1784, 1785, 1787, 1788, 1790, 1792, 1793, 1794, 1795, 1797, 1806, 1807, 1809, 1819, 1820, 1821, 1831, 1832, 1833, 1834, 1836, 1837, 1840, 1847, 1850, 1851, 1854, 1855, 1856, 1858, 1859, 1860, 1861, 1864, 1865, 1866, 1867, 1868, 1871, 1872, 1873, 1874, 1875, 1876, 1877, 1878, 1879, 1880, 1881, 1883, 1884, 1885, 1886, 1887, 1888, 1889, 1890, 1891, 1892, 1893, 1896, 1897, 1899, 1913, 1914, 1923, 1924, 1925, 1932, 1934, 1935, 1936, 1937, 1938, 1939, 1941, 1946, 1949, 1950, 1951, 1952, 1953, 1954, 1955, 1956, 1957, 1960, 1963, 1965, 1966, 1967, 1970, 1971, 1972, 1974, 1991, 1992, 1993, 1994, 1997, 1999, 2003, 2011, 2013, 2014, 2019, 2020, 2021, 2022, 2023, 2024, 2025, 2026, 2028, 2036, 2039, 2046, 2047, 2049, 2052, 2053, 2054, 2055, 2057, 2058, 2059, 2060, 2061, 2062, 2064, 2066, 2073, 2074, 2077, 2081, 2084, 2085, 2090, 2091, 2092, 2093, 2094, 2095, 2097, 2106, 2107, 2110, 2111, 2112, 2117, 2118, 2119, 2121, 2122, 2123, 2124, 2125, 2126, 2129, 2130, 2132, 2133, 2135, 2136, 2137, 2138, 2140, 2148, 2149, 2151, 2159, 2175, 2176, 2178, 2181, 2182, 2185, 2192, 2195, 2201, 2202, 2204, 2206, 2207, 2208, 2210, 2211, 2213, 2214, 2215, 2216, 2218, 2219, 2220, 2229, 2230, 2232, 2237, 2238, 2240, 2241, 2242, 2244, 2249, 2250, 2252, 2253, 2267, 2268, 2270, 2271, 2281, 2282, 2284, 2290, 2300, 2301, 2304, 2305, 2306, 2307, 2308, 2309, 2310, 2311, 2314, 2316, 2317, 2323, 2326, 2327, 2333, 2335, 2347, 2360, 2375, 2376, 2377, 2391, 2393, 2406, 2407, 2408, 2416, 2417, 2419, 2432, 2434, 2435, 2436, 2437, 2438, 2439, 2440, 2441, 2444, 2445, 2446, 2447, 2448, 2451, 2456, 2458, 2473, 2480, 2481, 2482, 2510, 2512, 2513, 2514, 2515, 2517, 2519, 2520, 2521, 2527, 2528, 2530, 2531, 2532, 2534, 2535, 2536, 2539, 2540, 2541, 2542, 2543, 2545, 2549, 2555, 2558, 2559, 2564, 2616, 2617, 2618, 2619, 2620, 2621, 2622, 2623, 2624, 2625, 2626, 2627, 2630, 2633, 2637, 2638, 2640, 2642, 2659, 2671, 2672, 2673, 2678, 2679, 2680, 2687, 2689, 2690, 2691, 2703, 2705, 2706, 2709, 2710, 2711, 2712, 2714, 2716, 2726, 2727, 2732, 2749, 2756, 2757, 2758, 2760, 2761, 2762, 2764, 2765, 2767, 2768, 2770, 2772, 2780, 2781, 2782, 2784, 2787, 2788, 2789, 2790, 2791, 2793, 2794, 2795, 2796, 2797, 2798, 2799, 2800, 2801, 2804, 2805, 2806, 2808, 2809, 2810, 2811, 2813, 2816, 2819, 2820, 2821, 2825, 2826, 2830, 2832, 2844, 2845, 2846, 2847, 2848, 2864, 2865, 2866, 2872, 2873, 2881, 2890, 2891, 2892, 2911, 2914, 3085, 3087, 3088, 3090, 3091, 3092, 3093, 3094, 3095, 3096, 3099, 3102, 3103, 3104, 3105, 3106, 3107, 3108, 3109, 3110, 3112, 3113, 3116, 3117, 3120, 3121, 3122, 3123, 3125, 3128, 3171, 3172, 3216, 3217, 3220, 3221, 3223, 3224, 3229, 3231, 3233, 3234, 3235, 3236, 3239, 3242, 3243, 3244, 3247, 3264, 3265, 3266, 3288, 3290, 3299, 3301, 3302, 3303, 3328, 3329, 3330, 3332, 3334, 3335, 3336, 3343, 3344, 3352, 3353, 3354, 3374, 3375, 3377, 3378, 3384, 3389, 3390, 3391, 3411, 3412, 3414, 3415, 3421, 3429, 3430, 3431], "excluded_lines": [3434, 3435, 3436], "functions": {"startup_event": {"executed_lines": [], "summary": {"covered_lines": 0, "num_statements": 14, "percent_covered": 0.0, "percent_covered_display": "0.00", "missing_lines": 14, "excluded_lines": 0}, "missing_lines": [69, 72, 74, 75, 76, 77, 80, 81, 82, 89, 92, 94, 95, 96], "excluded_lines": []}, "tenant_middleware": {"executed_lines": [129, 130, 133, 134, 136, 137], "summary": {"covered_lines": 6, "num_statements": 6, "percent_covered": 100.0, "percent_covered_display": "100.00", "missing_lines": 0, "excluded_lines": 0}, "missing_lines": [], "excluded_lines": []}, "add_security_headers": {"executed_lines": [145, 148, 151, 154, 157, 160, 163, 166], "summary": {"covered_lines": 8, "num_statements": 9, "percent_covered": 88.88888888888889, "percent_covered_display": "88.89", "missing_lines": 1, "excluded_lines": 0}, "missing_lines": [164], "excluded_lines": []}, "get_db_connection": {"executed_lines": [174, 177, 178, 180, 183], "summary": {"covered_lines": 5, "num_statements": 8, "percent_covered": 62.5, "percent_covered_display": "62.50", "missing_lines": 3, "excluded_lines": 0}, "missing_lines": [175, 181, 184], "excluded_lines": []}, "health_check": {"executed_lines": [], "summary": {"covered_lines": 0, "num_statements": 1, "percent_covered": 0.0, "percent_covered_display": "0.00", "missing_lines": 1, "excluded_lines": 0}, "missing_lines": [373], "excluded_lines": []}, "test_sentry": {"executed_lines": [], "summary": {"covered_lines": 0, "num_statements": 3, "percent_covered": 0.0, "percent_covered_display": "0.00", "missing_lines": 3, "excluded_lines": 0}, "missing_lines": [386, 389, 394], "excluded_lines": []}, "login": {"executed_lines": [], "summary": {"covered_lines": 0, "num_statements": 6, "percent_covered": 0.0, "percent_covered_display": "0.00", "missing_lines": 6, "excluded_lines": 0}, "missing_lines": [411, 413, 414, 420, 421, 426], "excluded_lines": []}, "get_current_user": {"executed_lines": [], "summary": {"covered_lines": 0, "num_statements": 1, "percent_covered": 0.0, "percent_covered_display": "0.00", "missing_lines": 1, "excluded_lines": 0}, "missing_lines": [439], "excluded_lines": []}, "logout": {"executed_lines": [], "summary": {"covered_lines": 0, "num_statements": 1, "percent_covered": 0.0, "percent_covered_display": "0.00", "missing_lines": 1, "excluded_lines": 0}, "missing_lines": [447], "excluded_lines": []}, "register": {"executed_lines": [], "summary": {"covered_lines": 0, "num_statements": 3, "percent_covered": 0.0, "percent_covered_display": "0.00", "missing_lines": 3, "excluded_lines": 0}, "missing_lines": [455, 462, 463], "excluded_lines": []}, "init_database": {"executed_lines": [], "summary": {"covered_lines": 0, "num_statements": 15, "percent_covered": 0.0, "percent_covered_display": "0.00", "missing_lines": 15, "excluded_lines": 0}, "missing_lines": [471, 472, 474, 488, 491, 492, 494, 495, 496, 498, 503, 505, 507, 508, 509], "excluded_lines": []}, "bootstrap_admin": {"executed_lines": [], "summary": {"covered_lines": 0, "num_statements": 13, "percent_covered": 0.0, "percent_covered_display": "0.00", "missing_lines": 13, "excluded_lines": 0}, "missing_lines": [520, 521, 523, 525, 526, 532, 539, 540, 542, 543, 544, 545, 546], "excluded_lines": []}, "get_ubicaciones": {"executed_lines": [], "summary": {"covered_lines": 0, "num_statements": 14, "percent_covered": 0.0, "percent_covered_display": "0.00", "missing_lines": 14, "excluded_lines": 0}, "missing_lines": [558, 559, 562, 577, 578, 580, 582, 584, 585, 586, 597, 599, 600, 601], "excluded_lines": []}, "get_ubicaciones_summary": {"executed_lines": [], "summary": {"covered_lines": 0, "num_statements": 11, "percent_covered": 0.0, "percent_covered_display": "0.00", "missing_lines": 11, "excluded_lines": 0}, "missing_lines": [606, 607, 608, 624, 626, 627, 628, 638, 640, 641, 642], "excluded_lines": []}, "get_stock_params": {"executed_lines": [], "summary": {"covered_lines": 0, "num_statements": 9, "percent_covered": 0.0, "percent_covered_display": "0.00", "missing_lines": 9, "excluded_lines": 0}, "missing_lines": [647, 648, 651, 653, 655, 674, 693, 694, 695], "excluded_lines": []}, "get_productos": {"executed_lines": [], "summary": {"covered_lines": 0, "num_statements": 16, "percent_covered": 0.0, "percent_covered_display": "0.00", "missing_lines": 16, "excluded_lines": 0}, "missing_lines": [700, 701, 702, 708, 710, 711, 712, 714, 716, 718, 719, 720, 732, 734, 735, 736], "excluded_lines": []}, "get_categorias": {"executed_lines": [], "summary": {"covered_lines": 0, "num_statements": 7, "percent_covered": 0.0, "percent_covered_display": "0.00", "missing_lines": 7, "excluded_lines": 0}, "missing_lines": [741, 742, 743, 752, 754, 755, 756], "excluded_lines": []}, "get_stock": {"executed_lines": [], "summary": {"covered_lines": 0, "num_statements": 74, "percent_covered": 0.0, "percent_covered_display": "0.00", "missing_lines": 74, "excluded_lines": 0}, "missing_lines": [782, 784, 785, 786, 787, 789, 791, 798, 824, 827, 828, 829, 830, 832, 833, 834, 835, 837, 838, 839, 840, 842, 843, 844, 845, 846, 847, 850, 853, 862, 863, 864, 865, 866, 867, 868, 869, 870, 871, 872, 873, 874, 875, 876, 878, 879, 880, 883, 884, 887, 888, 891, 892, 893, 895, 896, 897, 898, 899, 900, 901, 904, 906, 908, 910, 911, 912, 936, 947, 952, 953, 954, 955, 956], "excluded_lines": []}, "get_dashboard_metrics": {"executed_lines": [], "summary": {"covered_lines": 0, "num_statements": 10, "percent_covered": 0.0, "percent_covered_display": "0.00", "missing_lines": 10, "excluded_lines": 0}, "missing_lines": [961, 962, 964, 976, 979, 991, 993, 1004, 1005, 1006], "excluded_lines": []}, "get_category_metrics": {"executed_lines": [], "summary": {"covered_lines": 0, "num_statements": 10, "percent_covered": 0.0, "percent_covered_display": "0.00", "missing_lines": 10, "excluded_lines": 0}, "missing_lines": [1011, 1012, 1013, 1031, 1032, 1033, 1043, 1045, 1046, 1047], "excluded_lines": []}, "is_production_environment": {"executed_lines": [], "summary": {"covered_lines": 0, "num_statements": 1, "percent_covered": 0.0, "percent_covered_display": "0.00", "missing_lines": 1, "excluded_lines": 0}, "missing_lines": [1099], "excluded_lines": []}, "run_etl_production": {"executed_lines": [], "summary": {"covered_lines": 0, "num_statements": 43, "percent_covered": 0.0, "percent_covered_display": "0.00", "missing_lines": 43, "excluded_lines": 0}, "missing_lines": [1103, 1104, 1105, 1110, 1115, 1117, 1118, 1121, 1122, 1123, 1124, 1125, 1127, 1128, 1131, 1132, 1133, 1134, 1136, 1137, 1139, 1140, 1142, 1149, 1152, 1175, 1176, 1177, 1179, 1181, 1186, 1193, 1194, 1195, 1196, 1199, 1200, 1208, 1210, 1211, 1212, 1213, 1218], "excluded_lines": []}, "run_etl_ventas_production": {"executed_lines": [], "summary": {"covered_lines": 0, "num_statements": 43, "percent_covered": 0.0, "percent_covered_display": "0.00", "missing_lines": 43, "excluded_lines": 0}, "missing_lines": [1226, 1227, 1228, 1233, 1238, 1240, 1241, 1244, 1245, 1246, 1247, 1248, 1250, 1251, 1254, 1256, 1257, 1258, 1260, 1261, 1264, 1265, 1266, 1267, 1269, 1270, 1272, 1279, 1282, 1305, 1306, 1307, 1309, 1311, 1316, 1323, 1324, 1332, 1334, 1335, 1336, 1337, 1342], "excluded_lines": []}, "run_etl_ventas_background": {"executed_lines": [], "summary": {"covered_lines": 0, "num_statements": 39, "percent_covered": 0.0, "percent_covered_display": "0.00", "missing_lines": 39, "excluded_lines": 0}, "missing_lines": [1350, 1351, 1352, 1355, 1356, 1359, 1360, 1361, 1363, 1364, 1367, 1368, 1369, 1370, 1372, 1375, 1382, 1389, 1414, 1420, 1422, 1423, 1426, 1428, 1429, 1434, 1440, 1445, 1451, 1453, 1454, 1455, 1456, 1461, 1466, 1467, 1468, 1469, 1474], "excluded_lines": []}, "run_etl_ventas_background.read_stream": {"executed_lines": [], "summary": {"covered_lines": 0, "num_statements": 15, "percent_covered": 0.0, "percent_covered_display": "0.00", "missing_lines": 15, "excluded_lines": 0}, "missing_lines": [1390, 1391, 1392, 1393, 1394, 1395, 1397, 1398, 1399, 1400, 1401, 1402, 1404, 1406, 1411], "excluded_lines": []}, "run_etl_background": {"executed_lines": [], "summary": {"covered_lines": 0, "num_statements": 56, "percent_covered": 0.0, "percent_covered_display": "0.00", "missing_lines": 56, "excluded_lines": 0}, "missing_lines": [1482, 1483, 1484, 1487, 1488, 1491, 1492, 1493, 1495, 1496, 1498, 1501, 1508, 1515, 1581, 1587, 1590, 1591, 1593, 1594, 1597, 1598, 1599, 1601, 1603, 1605, 1606, 1608, 1620, 1621, 1630, 1642, 1643, 1651, 1653, 1655, 1658, 1664, 1665, 1666, 1667, 1668, 1671, 1677, 1678, 1679, 1680, 1690, 1691, 1692, 1693, 1702, 1703, 1704, 1705, 1714], "excluded_lines": []}, "run_etl_background.read_stream": {"executed_lines": [], "summary": {"covered_lines": 0, "num_statements": 44, "percent_covered": 0.0, "percent_covered_display": "0.00", "missing_lines": 44, "excluded_lines": 0}, "missing_lines": [1516, 1517, 1518, 1519, 1520, 1521, 1523, 1524, 1525, 1526, 1527, 1528, 1530, 1533, 1534, 1535, 1536, 1539, 1540, 1541, 1542, 1543, 1544, 1545, 1547, 1548, 1555, 1556, 1557, 1558, 1559, 1561, 1562, 1563, 1564, 1565, 1566, 1567, 1568, 1569, 1570, 1571, 1573, 1578], "excluded_lines": []}, "get_etl_status": {"executed_lines": [], "summary": {"covered_lines": 0, "num_statements": 1, "percent_covered": 0.0, "percent_covered_display": "0.00", "missing_lines": 1, "excluded_lines": 0}, "missing_lines": [1719], "excluded_lines": []}, "check_connectivity": {"executed_lines": [], "summary": {"covered_lines": 0, "num_statements": 28, "percent_covered": 0.0, "percent_covered_display": "0.00", "missing_lines": 28, "excluded_lines": 0}, "missing_lines": [1724, 1725, 1727, 1747, 1770, 1772, 1773, 1776, 1777, 1779, 1780, 1783, 1784, 1785, 1787, 1788, 1790, 1792, 1793, 1794, 1795, 1797, 1806, 1807, 1809, 1819, 1820, 1821], "excluded_lines": []}, "check_connectivity.test_ip_port": {"executed_lines": [], "summary": {"covered_lines": 0, "num_statements": 12, "percent_covered": 0.0, "percent_covered_display": "0.00", "missing_lines": 12, "excluded_lines": 0}, "missing_lines": [1729, 1730, 1732, 1733, 1734, 1735, 1736, 1738, 1741, 1742, 1743, 1744], "excluded_lines": []}, "test_connection_generic": {"executed_lines": [], "summary": {"covered_lines": 0, "num_statements": 52, "percent_covered": 0.0, "percent_covered_display": "0.00", "missing_lines": 52, "excluded_lines": 0}, "missing_lines": [1831, 1832, 1833, 1834, 1836, 1837, 1840, 1847, 1850, 1851, 1854, 1855, 1856, 1858, 1859, 1860, 1861, 1864, 1865, 1866, 1867, 1868, 1871, 1872, 1873, 1874, 1875, 1876, 1877, 1878, 1879, 1880, 1881, 1883, 1884, 1885, 1886, 1887, 1888, 1889, 1890, 1891, 1892, 1893, 1896, 1897, 1899, 1913, 1914, 1923, 1924, 1925], "excluded_lines": []}, "trigger_etl_sync": {"executed_lines": [], "summary": {"covered_lines": 0, "num_statements": 27, "percent_covered": 0.0, "percent_covered_display": "0.00", "missing_lines": 27, "excluded_lines": 0}, "missing_lines": [1932, 1934, 1935, 1936, 1937, 1938, 1939, 1941, 1946, 1949, 1950, 1951, 1952, 1953, 1954, 1955, 1956, 1957, 1960, 1963, 1965, 1966, 1967, 1970, 1971, 1972, 1974], "excluded_lines": []}, "get_etl_logs": {"executed_lines": [], "summary": {"covered_lines": 0, "num_statements": 76, "percent_covered": 0.0, "percent_covered_display": "0.00", "missing_lines": 76, "excluded_lines": 0}, "missing_lines": [1991, 1992, 1993, 1994, 1997, 1999, 2003, 2011, 2013, 2014, 2019, 2020, 2021, 2022, 2023, 2024, 2025, 2026, 2028, 2036, 2039, 2046, 2047, 2049, 2052, 2053, 2054, 2055, 2057, 2058, 2059, 2060, 2061, 2062, 2064, 2066, 2073, 2074, 2077, 2081, 2084, 2085, 2090, 2091, 2092, 2093, 2094, 2095, 2097, 2106, 2107, 2110, 2111, 2112, 2117, 2118, 2119, 2121, 2122, 2123, 2124, 2125, 2126, 2129, 2130, 2132, 2133, 2135, 2136, 2137, 2138, 2140, 2148, 2149, 2151, 2159], "excluded_lines": []}, "run_etl_ventas_for_scheduler": {"executed_lines": [], "summary": {"covered_lines": 0, "num_statements": 23, "percent_covered": 0.0, "percent_covered_display": "0.00", "missing_lines": 23, "excluded_lines": 0}, "missing_lines": [2175, 2176, 2178, 2181, 2182, 2185, 2192, 2195, 2201, 2202, 2204, 2206, 2207, 2208, 2210, 2211, 2213, 2214, 2215, 2216, 2218, 2219, 2220], "excluded_lines": []}, "get_scheduler_status": {"executed_lines": [], "summary": {"covered_lines": 0, "num_statements": 3, "percent_covered": 0.0, "percent_covered_display": "0.00", "missing_lines": 3, "excluded_lines": 0}, "missing_lines": [2229, 2230, 2232], "excluded_lines": []}, "enable_scheduler": {"executed_lines": [], "summary": {"covered_lines": 0, "num_statements": 6, "percent_covered": 0.0, "percent_covered_display": "0.00", "missing_lines": 6, "excluded_lines": 0}, "missing_lines": [2237, 2238, 2240, 2241, 2242, 2244], "excluded_lines": []}, "disable_scheduler": {"executed_lines": [], "summary": {"covered_lines": 0, "num_statements": 4, "percent_covered": 0.0, "percent_covered_display": "0.00", "missing_lines": 4, "excluded_lines": 0}, "missing_lines": [2249, 2250, 2252, 2253], "excluded_lines": []}, "trigger_scheduler_manual": {"executed_lines": [], "summary": {"covered_lines": 0, "num_statements": 4, "percent_covered": 0.0, "percent_covered_display": "0.00", "missing_lines": 4, "excluded_lines": 0}, "missing_lines": [2267, 2268, 2270, 2271], "excluded_lines": []}, "update_scheduler_config": {"executed_lines": [], "summary": {"covered_lines": 0, "num_statements": 4, "percent_covered": 0.0, "percent_covered_display": "0.00", "missing_lines": 4, "excluded_lines": 0}, "missing_lines": [2281, 2282, 2284, 2290], "excluded_lines": []}, "trigger_ventas_etl_sync": {"executed_lines": [], "summary": {"covered_lines": 0, "num_statements": 18, "percent_covered": 0.0, "percent_covered_display": "0.00", "missing_lines": 18, "excluded_lines": 0}, "missing_lines": [2300, 2301, 2304, 2305, 2306, 2307, 2308, 2309, 2310, 2311, 2314, 2316, 2317, 2323, 2326, 2327, 2333, 2335], "excluded_lines": []}, "get_ventas_etl_status": {"executed_lines": [], "summary": {"covered_lines": 0, "num_statements": 1, "percent_covered": 0.0, "percent_covered_display": "0.00", "missing_lines": 1, "excluded_lines": 0}, "missing_lines": [2347], "excluded_lines": []}, "get_ventas_etl_logs": {"executed_lines": [], "summary": {"covered_lines": 0, "num_statements": 1, "percent_covered": 0.0, "percent_covered_display": "0.00", "missing_lines": 1, "excluded_lines": 0}, "missing_lines": [2360], "excluded_lines": []}, "get_ventas_summary": {"executed_lines": [], "summary": {"covered_lines": 0, "num_statements": 8, "percent_covered": 0.0, "percent_covered_display": "0.00", "missing_lines": 8, "excluded_lines": 0}, "missing_lines": [2375, 2376, 2377, 2391, 2393, 2406, 2407, 2408], "excluded_lines": []}, "get_ventas_gaps": {"executed_lines": [], "summary": {"covered_lines": 0, "num_statements": 24, "percent_covered": 0.0, "percent_covered_display": "0.00", "missing_lines": 24, "excluded_lines": 0}, "missing_lines": [2416, 2417, 2419, 2432, 2434, 2435, 2436, 2437, 2438, 2439, 2440, 2441, 2444, 2445, 2446, 2447, 2448, 2451, 2456, 2458, 2473, 2480, 2481, 2482], "excluded_lines": []}, "get_ventas_detail": {"executed_lines": [], "summary": {"covered_lines": 0, "num_statements": 50, "percent_covered": 0.0, "percent_covered_display": "0.00", "missing_lines": 50, "excluded_lines": 0}, "missing_lines": [2510, 2512, 2513, 2514, 2515, 2517, 2519, 2520, 2521, 2527, 2528, 2530, 2531, 2532, 2534, 2535, 2536, 2539, 2540, 2541, 2542, 2543, 2545, 2549, 2555, 2558, 2559, 2564, 2616, 2617, 2618, 2619, 2620, 2621, 2622, 2623, 2624, 2625, 2626, 2627, 2630, 2633, 2637, 2638, 2640, 2642, 2659, 2671, 2672, 2673], "excluded_lines": []}, "get_ventas_categorias": {"executed_lines": [], "summary": {"covered_lines": 0, "num_statements": 7, "percent_covered": 0.0, "percent_covered_display": "0.00", "missing_lines": 7, "excluded_lines": 0}, "missing_lines": [2678, 2679, 2680, 2687, 2689, 2690, 2691], "excluded_lines": []}, "get_ventas_producto_diario": {"executed_lines": [], "summary": {"covered_lines": 0, "num_statements": 64, "percent_covered": 0.0, "percent_covered_display": "0.00", "missing_lines": 64, "excluded_lines": 0}, "missing_lines": [2703, 2705, 2706, 2709, 2710, 2711, 2712, 2714, 2716, 2726, 2727, 2732, 2749, 2756, 2757, 2758, 2760, 2761, 2762, 2764, 2765, 2767, 2768, 2770, 2772, 2780, 2781, 2782, 2784, 2787, 2788, 2789, 2790, 2791, 2793, 2794, 2795, 2796, 2797, 2798, 2799, 2800, 2801, 2804, 2805, 2806, 2808, 2809, 2810, 2811, 2813, 2816, 2819, 2820, 2821, 2825, 2826, 2830, 2832, 2844, 2845, 2846, 2847, 2848], "excluded_lines": []}, "get_forecast_producto": {"executed_lines": [], "summary": {"covered_lines": 0, "num_statements": 8, "percent_covered": 0.0, "percent_covered_display": "0.00", "missing_lines": 8, "excluded_lines": 0}, "missing_lines": [3374, 3375, 3377, 3378, 3384, 3389, 3390, 3391], "excluded_lines": []}, "calcular_pedido_sugerido": {"executed_lines": [2908, 2909, 3174, 3175, 3176], "summary": {"covered_lines": 5, "num_statements": 39, "percent_covered": 12.820512820512821, "percent_covered_display": "12.82", "missing_lines": 34, "excluded_lines": 0}, "missing_lines": [2911, 2914, 3085, 3087, 3088, 3090, 3091, 3092, 3093, 3094, 3095, 3096, 3099, 3102, 3103, 3104, 3105, 3106, 3107, 3108, 3109, 3110, 3112, 3113, 3116, 3117, 3120, 3121, 3122, 3123, 3125, 3128, 3171, 3172], "excluded_lines": []}, "guardar_pedido_sugerido": {"executed_lines": [], "summary": {"covered_lines": 0, "num_statements": 26, "percent_covered": 0.0, "percent_covered_display": "0.00", "missing_lines": 26, "excluded_lines": 0}, "missing_lines": [3216, 3217, 3220, 3221, 3223, 3224, 3229, 3231, 3233, 3234, 3235, 3236, 3239, 3242, 3243, 3244, 3247, 3264, 3265, 3266, 3288, 3290, 3299, 3301, 3302, 3303], "excluded_lines": []}, "get_forecast_productos": {"executed_lines": [], "summary": {"covered_lines": 0, "num_statements": 12, "percent_covered": 0.0, "percent_covered_display": "0.00", "missing_lines": 12, "excluded_lines": 0}, "missing_lines": [3328, 3329, 3330, 3332, 3334, 3335, 3336, 3343, 3344, 3352, 3353, 3354], "excluded_lines": []}, "get_forecast_producto_diario": {"executed_lines": [], "summary": {"covered_lines": 0, "num_statements": 8, "percent_covered": 0.0, "percent_covered_display": "0.00", "missing_lines": 8, "excluded_lines": 0}, "missing_lines": [3411, 3412, 3414, 3415, 3421, 3429, 3430, 3431], "excluded_lines": []}, "": {"executed_lines": [2, 7, 8, 9, 10, 11, 12, 13, 14, 15, 16, 17, 18, 19, 22, 25, 26, 27, 33, 47, 50, 53, 54, 57, 64, 65, 99, 124, 125, 140, 141, 169, 171, 172, 187, 188, 189, 190, 191, 192, 193, 194, 195, 197, 198, 199, 200, 201, 202, 203, 204, 205, 206, 208, 209, 210, 211, 212, 213, 214, 215, 216, 217, 218, 219, 220, 221, 222, 223, 224, 225, 226, 227, 228, 230, 231, 232, 233, 234, 235, 236, 237, 238, 240, 241, 242, 244, 245, 246, 247, 248, 249, 250, 251, 253, 254, 255, 256, 257, 258, 259, 260, 261, 263, 264, 265, 266, 267, 268, 269, 270, 272, 273, 274, 275, 276, 277, 278, 279, 281, 282, 283, 284, 285, 286, 287, 288, 289, 290, 291, 292, 294, 295, 296, 299, 300, 301, 302, 303, 305, 307, 308, 309, 310, 311, 312, 313, 314, 315, 316, 319, 320, 321, 322, 323, 324, 325, 326, 327, 328, 331, 332, 333, 334, 335, 336, 337, 338, 339, 342, 343, 344, 345, 346, 349, 350, 351, 352, 354, 355, 356, 357, 358, 359, 360, 361, 362, 363, 364, 365, 366, 370, 371, 380, 381, 404, 405, 433, 434, 441, 442, 449, 450, 465, 466, 514, 515, 555, 556, 603, 604, 644, 645, 697, 698, 738, 739, 758, 759, 958, 959, 1008, 1009, 1053, 1054, 1056, 1057, 1058, 1059, 1060, 1061, 1062, 1064, 1065, 1066, 1067, 1070, 1081, 1094, 1096, 1101, 1224, 1348, 1480, 1716, 1717, 1721, 1722, 1828, 1829, 1927, 1928, 1982, 1983, 2170, 2226, 2227, 2234, 2235, 2246, 2247, 2255, 2256, 2273, 2274, 2296, 2297, 2344, 2345, 2357, 2358, 2372, 2373, 2410, 2411, 2484, 2485, 2675, 2676, 2693, 2694, 2851, 2852, 2897, 2898, 3179, 3180, 3181, 3182, 3183, 3184, 3185, 3186, 3187, 3189, 3190, 3191, 3192, 3194, 3195, 3196, 3197, 3198, 3199, 3200, 3201, 3203, 3204, 3205, 3206, 3207, 3208, 3209, 3211, 3212, 3309, 3310, 3357, 3358, 3394, 3395, 3434], "summary": {"covered_lines": 151, "num_statements": 154, "percent_covered": 98.05194805194805, "percent_covered_display": "98.05", "missing_lines": 3, "excluded_lines": 3}, "missing_lines": [28, 29, 30], "excluded_lines": [3434, 3435, 3436]}}, "classes": {"UbicacionResponse": {"executed_lines": [], "summary": {"covered_lines": 0, "num_statements": 0, "percent_covered": 100.0, "percent_covered_display": "100.00", "missing_lines": 0, "excluded_lines": 0}, "missing_lines": [], "excluded_lines": []}, "ProductoResponse": {"executed_lines": [], "summary": {"covered_lines": 0, "num_statements": 0, "percent_covered": 100.0, "percent_covered_display": "100.00", "missing_lines": 0, "excluded_lines": 0}, "missing_lines": [], "excluded_lines": []}, "StockResponse": {"executed_lines": [], "summary": {"covered_lines": 0, "num_statements": 0, "percent_covered": 100.0, "percent_covered_display": "100.00", "missing_lines": 0, "excluded_lines": 0}, "missing_lines": [], "excluded_lines": []}, "PaginationMetadata": {"executed_lines": [], "summary": {"covered_lines": 0, "num_statements": 0, "percent_covered": 100.0, "percent_covered_display": "100.00", "missing_lines": 0, "excluded_lines": 0}, "missing_lines": [], "excluded_lines": []}, "PaginatedStockResponse": {"executed_lines": [], "summary": {"covered_lines": 0, "num_statements": 0, "percent_covered": 100.0, "percent_covered_display": "100.00", "missing_lines": 0, "excluded_lines": 0}, "missing_lines": [], "excluded_lines": []}, "UbicacionSummaryResponse": {"executed_lines": [], "summary": {"covered_lines": 0, "num_statements": 0, "percent_covered": 100.0, "percent_covered_display": "100.00", "missing_lines": 0, "excluded_lines": 0}, "missing_lines": [], "excluded_lines": []}, "DashboardMetrics": {"executed_lines": [], "summary": {"covered_lines": 0, "num_statements": 0, "percent_covered": 100.0, "percent_covered_display": "100.00", "missing_lines": 0, "excluded_lines": 0}, "missing_lines": [], "excluded_lines": []}, "CategoryMetrics": {"executed_lines": [], "summary": {"covered_lines": 0, "num_statements": 0, "percent_covered": 100.0, "percent_covered_display": "100.00", "missing_lines": 0, "excluded_lines": 0}, "missing_lines": [], "excluded_lines": []}, "VentasSummaryResponse": {"executed_lines": [], "summary": {"covered_lines": 0, "num_statements": 0, "percent_covered": 100.0, "percent_covered_display": "100.00", "missing_lines": 0, "excluded_lines": 0}, "missing_lines": [], "excluded_lines": []}, "VentasDetailResponse": {"executed_lines": [], "summary": {"covered_lines": 0, "num_statements": 0, "percent_covered": 100.0, "percent_covered_display": "100.00", "missing_lines": 0, "excluded_lines": 0}, "missing_lines": [], "excluded_lines": []}, "PaginatedVentasResponse": {"executed_lines": [], "summary": {"covered_lines": 0, "num_statements": 0, "percent_covered": 100.0, "percent_covered_display": "100.00", "missing_lines": 0, "excluded_lines": 0}, "missing_lines": [], "excluded_lines": []}, "CalcularPedidoRequest": {"executed_lines": [], "summary": {"covered_lines": 0, "num_statements": 0, "percent_covered": 100.0, "percent_covered_display": "100.00", "missing_lines": 0, "excluded_lines": 0}, "missing_lines": [], "excluded_lines": []}, "ProductoPedidoSugerido": {"executed_lines": [], "summary": {"covered_lines": 0, "num_statements": 0, "percent_covered": 100.0, "percent_covered_display": "100.00", "missing_lines": 0, "excluded_lines": 0}, "missing_lines": [], "excluded_lines": []}, "PedidoSugeridoResponse": {"executed_lines": [], "summary": {"covered_lines": 0, "num_statements": 0, "percent_covered": 100.0, "percent_covered_display": "100.00", "missing_lines": 0, "excluded_lines": 0}, "missing_lines": [], "excluded_lines": []}, "ETLSyncRequest": {"executed_lines": [], "summary": {"covered_lines": 0, "num_statements": 0, "percent_covered": 100.0, "percent_covered_display": "100.00", "missing_lines": 0, "excluded_lines": 0}, "missing_lines": [], "excluded_lines": []}, "ETLSyncResponse": {"executed_lines": [], "summary": {"covered_lines": 0, "num_statements": 0, "percent_covered": 100.0, "percent_covered_display": "100.00", "missing_lines": 0, "excluded_lines": 0}, "missing_lines": [], "excluded_lines": []}, "VentasETLSyncRequest": {"executed_lines": [], "summary": {"covered_lines": 0, "num_statements": 0, "percent_covered": 100.0, "percent_covered_display": "100.00", "missing_lines": 0, "excluded_lines": 0}, "missing_lines": [], "excluded_lines": []}, "ProductoGuardarPedido": {"executed_lines": [], "summary": {"covered_lines": 0, "num_statements": 0, "percent_covered": 100.0, "percent_covered_display": "100.00", "missing_lines": 0, "excluded_lines": 0}, "missing_lines": [], "excluded_lines": []}, "GuardarPedidoRequest": {"executed_lines": [], "summary": {"covered_lines": 0, "num_statements": 0, "percent_covered": 100.0, "percent_covered_display": "100.00", "missing_lines": 0, "excluded_lines": 0}, "missing_lines": [], "excluded_lines": []}, "PedidoGuardadoResponse": {"executed_lines": [], "summary": {"covered_lines": 0, "num_statements": 0, "percent_covered": 100.0, "percent_covered_display": "100.00", "missing_lines": 0, "excluded_lines": 0}, "missing_lines": [], "excluded_lines": []}, "": {"executed_lines": [2, 7, 8, 9, 10, 11, 12, 13, 14, 15, 16, 17, 18, 19, 22, 25, 26, 27, 33, 47, 50, 53, 54, 57, 64, 65, 99, 124, 125, 129, 130, 133, 134, 136, 137, 140, 141, 145, 148, 151, 154, 157, 160, 163, 166, 169, 171, 172, 174, 177, 178, 180, 183, 187, 188, 189, 190, 191, 192, 193, 194, 195, 197, 198, 199, 200, 201, 202, 203, 204, 205, 206, 208, 209, 210, 211, 212, 213, 214, 215, 216, 217, 218, 219, 220, 221, 222, 223, 224, 225, 226, 227, 228, 230, 231, 232, 233, 234, 235, 236, 237, 238, 240, 241, 242, 244, 245, 246, 247, 248, 249, 250, 251, 253, 254, 255, 256, 257, 258, 259, 260, 261, 263, 264, 265, 266, 267, 268, 269, 270, 272, 273, 274, 275, 276, 277, 278, 279, 281, 282, 283, 284, 285, 286, 287, 288, 289, 290, 291, 292, 294, 295, 296, 299, 300, 301, 302, 303, 305, 307, 308, 309, 310, 311, 312, 313, 314, 315, 316, 319, 320, 321, 322, 323, 324, 325, 326, 327, 328, 331, 332, 333, 334, 335, 336, 337, 338, 339, 342, 343, 344, 345, 346, 349, 350, 351, 352, 354, 355, 356, 357, 358, 359, 360, 361, 362, 363, 364, 365, 366, 370, 371, 380, 381, 404, 405, 433, 434, 441, 442, 449, 450, 465, 466, 514, 515, 555, 556, 603, 604, 644, 645, 697, 698, 738, 739, 758, 759, 958, 959, 1008, 1009, 1053, 1054, 1056, 1057, 1058, 1059, 1060, 1061, 1062, 1064, 1065, 1066, 1067, 1070, 1081, 1094, 1096, 1101, 1224, 1348, 1480, 1716, 1717, 1721, 1722, 1828, 1829, 1927, 1928, 1982, 1983, 2170, 2226, 2227, 2234, 2235, 2246, 2247, 2255, 2256, 2273, 2274, 2296, 2297, 2344, 2345, 2357, 2358, 2372, 2373, 2410, 2411, 2484, 2485, 2675, 2676, 2693, 2694, 2851, 2852, 2897, 2898, 2908, 2909, 3174, 3175, 3176, 3179, 3180, 3181, 3182, 3183, 3184, 3185, 3186, 3187, 3189, 3190, 3191, 3192, 3194, 3195, 3196, 3197, 3198, 3199, 3200, 3201, 3203, 3204, 3205, 3206, 3207, 3208, 3209, 3211, 3212, 3309, 3310, 3357, 3358, 3394, 3395, 3434], "summary": {"covered_lines": 175, "num_statements": 1141, "percent_covered": 15.337423312883436, "percent_covered_display": "15.34", "missing_lines": 966, "excluded_lines": 3}, "missing_lines": [28, 29, 30, 69, 72, 74, 75, 76, 77, 80, 81, 82, 89, 92, 94, 95, 96, 164, 175, 181, 184, 373, 386, 389, 394, 411, 413, 414, 420, 421, 426, 439, 447, 455, 462, 463, 471, 472, 474, 488, 491, 492, 494, 495, 496, 498, 503, 505, 507, 508, 509, 520, 521, 523, 525, 526, 532, 539, 540, 542, 543, 544, 545, 546, 558, 559, 562, 577, 578, 580, 582, 584, 585, 586, 597, 599, 600, 601, 606, 607, 608, 624, 626, 627, 628, 638, 640, 641, 642, 647, 648, 651, 653, 655, 674, 693, 694, 695, 700, 701, 702, 708, 710, 711, 712, 714, 716, 718, 719, 720, 732, 734, 735, 736, 741, 742, 743, 752, 754, 755, 756, 782, 784, 785, 786, 787, 789, 791, 798, 824, 827, 828, 829, 830, 832, 833, 834, 835, 837, 838, 839, 840, 842, 843, 844, 845, 846, 847, 850, 853, 862, 863, 864, 865, 866, 867, 868, 869, 870, 871, 872, 873, 874, 875, 876, 878, 879, 880, 883, 884, 887, 888, 891, 892, 893, 895, 896, 897, 898, 899, 900, 901, 904, 906, 908, 910, 911, 912, 936, 947, 952, 953, 954, 955, 956, 961, 962, 964, 976, 979, 991, 993, 1004, 1005, 1006, 1011, 1012, 1013, 1031, 1032, 1033, 1043, 1045, 1046, 1047, 1099, 1103, 1104, 1105, 1110, 1115, 1117, 1118, 1121, 1122, 1123, 1124, 1125, 1127, 1128, 1131, 1132, 1133, 1134, 1136, 1137, 1139, 1140, 1142, 1149, 1152, 1175, 1176, 1177, 1179, 1181, 1186, 1193, 1194, 1195, 1196, 1199, 1200, 1208, 1210, 1211, 1212, 1213, 1218, 1226, 1227, 1228, 1233, 1238, 1240, 1241, 1244, 1245, 1246, 1247, 1248, 1250, 1251, 1254, 1256, 1257, 1258, 1260, 1261, 1264, 1265, 1266, 1267, 1269, 1270, 1272, 1279, 1282, 1305, 1306, 1307, 1309, 1311, 1316, 1323, 1324, 1332, 1334, 1335, 1336, 1337, 1342, 1350, 1351, 1352, 1355, 1356, 1359, 1360, 1361, 1363, 1364, 1367, 1368, 1369, 1370, 1372, 1375, 1382, 1389, 1390, 1391, 1392, 1393, 1394, 1395, 1397, 1398, 1399, 1400, 1401, 1402, 1404, 1406, 1411, 1414, 1420, 1422, 1423, 1426, 1428, 1429, 1434, 1440, 1445, 1451, 1453, 1454, 1455, 1456, 1461, 1466, 1467, 1468, 1469, 1474, 1482, 1483, 1484, 1487, 1488, 1491, 1492, 1493, 1495, 1496, 1498, 1501, 1508, 1515, 1516, 1517, 1518, 1519, 1520, 1521, 1523, 1524, 1525, 1526, 1527, 1528, 1530, 1533, 1534, 1535, 1536, 1539, 1540, 1541, 1542, 1543, 1544, 1545, 1547, 1548, 1555, 1556, 1557, 1558, 1559, 1561, 1562, 1563, 1564, 1565, 1566, 1567, 1568, 1569, 1570, 1571, 1573, 1578, 1581, 1587, 1590, 1591, 1593, 1594, 1597, 1598, 1599, 1601, 1603, 1605, 1606, 1608, 1620, 1621, 1630, 1642, 1643, 1651, 1653, 1655, 1658, 1664, 1665, 1666, 1667, 1668, 1671, 1677, 1678, 1679, 1680, 1690, 1691, 1692, 1693, 1702, 1703, 1704, 1705, 1714, 1719, 1724, 1725, 1727, 1729, 1730, 1732, 1733, 1734, 1735, 1736, 1738, 1741, 1742, 1743, 1744, 1747, 1770, 1772, 1773, 1776, 1777, 1779, 1780, 1783, 1784, 1785, 1787, 1788, 1790, 1792, 1793, 1794, 1795, 1797, 1806, 1807, 1809, 1819, 1820, 1821, 1831, 1832, 1833, 1834, 1836, 1837, 1840, 1847, 1850, 1851, 1854, 1855, 1856, 1858, 1859, 1860, 1861, 1864, 1865, 1866, 1867, 1868, 1871, 1872, 1873, 1874, 1875, 1876, 1877, 1878, 1879, 1880, 1881, 1883, 1884, 1885, 1886, 1887, 1888, 1889, 1890, 1891, 1892, 1893, 1896, 1897, 1899, 1913, 1914, 1923, 1924, 1925, 1932, 1934, 1935, 1936, 1937, 1938, 1939, 1941, 1946, 1949, 1950, 1951, 1952, 1953, 1954, 1955, 1956, 1957, 1960, 1963, 1965, 1966, 1967, 1970, 1971, 1972, 1974, 1991, 1992, 1993, 1994, 1997, 1999, 2003, 2011, 2013, 2014, 2019, 2020, 2021, 2022, 2023, 2024, 2025, 2026, 2028, 2036, 2039, 2046, 2047, 2049, 2052, 2053, 2054, 2055, 2057, 2058, 2059, 2060, 2061, 2062, 2064, 2066, 2073, 2074, 2077, 2081, 2084, 2085, 2090, 2091, 2092, 2093, 2094, 2095, 2097, 2106, 2107, 2110, 2111, 2112, 2117, 2118, 2119, 2121, 2122, 2123, 2124, 2125, 2126, 2129, 2130, 2132, 2133, 2135, 2136, 2137, 2138, 2140, 2148, 2149, 2151, 2159, 2175, 2176, 2178, 2181, 2182, 2185, 2192, 2195, 2201, 2202, 2204, 2206, 2207, 2208, 2210, 2211, 2213, 2214, 2215, 2216, 2218, 2219, 2220, 2229, 2230, 2232, 2237, 2238, 2240, 2241, 2242, 2244, 2249, 2250, 2252, 2253, 2267, 2268, 2270, 2271, 2281, 2282, 2284, 2290, 2300, 2301, 2304, 2305, 2306, 2307, 2308, 2309, 2310, 2311, 2314, 2316, 2317, 2323, 2326, 2327, 2333, 2335, 2347, 2360, 2375, 2376, 2377, 2391, 2393, 2406, 2407, 2408, 2416, 2417, 2419, 2432, 2434, 2435, 2436, 2437, 2438, 2439, 2440, 2441, 2444, 2445, 2446, 2447, 2448, 2451, 2456, 2458, 2473, 2480, 2481, 2482, 2510, 2512, 2513, 2514, 2515, 2517, 2519, 2520, 2521, 2527, 2528, 2530, 2531, 2532, 2534, 2535, 2536, 2539, 2540, 2541, 2542, 2543, 2545, 2549, 2555, 2558, 2559, 2564, 2616, 2617, 2618, 2619, 2620, 2621, 2622, 2623, 2624, 2625, 2626, 2627, 2630, 2633, 2637, 2638, 2640, 2642, 2659, 2671, 2672, 2673, 2678, 2679, 2680, 2687, 2689, 2690, 2691, 2703, 2705, 2706, 2709, 2710, 2711, 2712, 2714, 2716, 2726, 2727, 2732, 2749, 2756, 2757, 2758, 2760, 2761, 2762, 2764, 2765, 2767, 2768, 2770, 2772, 2780, 2781, 2782, 2784, 2787, 2788, 2789, 2790, 2791, 2793, 2794, 2795, 2796, 2797, 2798, 2799, 2800, 2801, 2804, 2805, 2806, 2808, 2809, 2810, 2811, 2813, 2816, 2819, 2820, 2821, 2825, 2826, 2830, 2832, 2844, 2845, 2846, 2847, 2848, 2864, 2865, 2866, 2872, 2873, 2881, 2890, 2891, 2892, 2911, 2914, 3085, 3087, 3088, 3090, 3091, 3092, 3093, 3094, 3095, 3096, 3099, 3102, 3103, 3104, 3105, 3106, 3107, 3108, 3109, 3110, 3112, 3113, 3116, 3117, 3120, 3121, 3122, 3123, 3125, 3128, 3171, 3172, 3216, 3217, 3220, 3221, 3223, 3224, 3229, 3231, 3233, 3234, 3235, 3236, 3239, 3242, 3243, 3244, 3247, 3264, 3265, 3266, 3288, 3290, 3299, 3301, 3302, 3303, 3328, 3329, 3330, 3332, 3334, 3335, 3336, 3343, 3344, 3352, 3353, 3354, 3374, 3375, 3377, 3378, 3384, 3389, 3390, 3391, 3411, 3412, 3414, 3415, 3421, 3429, 3430, 3431], "excluded_lines": [3434, 3435, 3436]}}}, "middleware/__init__.py": {"executed_lines": [1], "summary": {"covered_lines": 0, "num_statements": 0, "percent_covered": 100.0, "percent_covered_display": "100.00", "missing_lines": 0, "excluded_lines": 0}, "missing_lines": [], "excluded_lines": [], "functions": {"": {"executed_lines": [1], "summary": {"covered_lines": 0, "num_statements": 0, "percent_covered": 100.0, "percent_covered_display": "100.00", "missing_lines": 0, "excluded_lines": 0}, "missing_lines": [], "excluded_lines": []}}, "classes": {"": {"executed_lines": [1], "summary": {"covered_lines": 0, "num_statements": 0, "percent_covered": 100.0, "percent_covered_display": "100.00", "missing_lines": 0, "excluded_lines": 0}, "missing_lines": [], "excluded_lines": []}}}, "middleware/tenant.py": {"executed_lines": [1, 6, 7, 8, 9, 12, 13, 14, 17, 18, 22, 23, 34, 38, 39, 41, 42, 52, 53, 57, 59, 60, 70, 73, 74, 75, 78, 81, 83, 84, 125, 145], "summary": {"covered_lines": 30, "num_statements": 54, "percent_covered": 55.55555555555556, "percent_covered_display": "55.56", "missing_lines": 24, "excluded_lines": 0}, "missing_lines": [35, 44, 47, 48, 50, 79, 93, 96, 97, 98, 101, 102, 108, 111, 112, 115, 118, 119, 121, 135, 136, 137, 141, 158], "excluded_lines": [], "functions": {"TenantMiddleware.extract_tenant_from_host": {"executed_lines": [34, 38, 39, 41, 42], "summary": {"covered_lines": 5, "num_statements": 10, "percent_covered": 50.0, "percent_covered_display": "50.00", "missing_lines": 5, "excluded_lines": 0}, "missing_lines": [35, 44, 47, 48, 50], "excluded_lines": []}, "TenantMiddleware.extract_tenant_from_header": {"executed_lines": [57], "summary": {"covered_lines": 1, "num_statements": 1, "percent_covered": 100.0, "percent_covered_display": "100.00", "missing_lines": 0, "excluded_lines": 0}, "missing_lines": [], "excluded_lines": []}, "TenantMiddleware.extract_tenant": {"executed_lines": [70, 73, 74, 75, 78, 81], "summary": {"covered_lines": 6, "num_statements": 7, "percent_covered": 85.71428571428571, "percent_covered_display": "85.71", "missing_lines": 1, "excluded_lines": 0}, "missing_lines": [79], "excluded_lines": []}, "TenantMiddleware.__call__": {"executed_lines": [], "summary": {"covered_lines": 0, "num_statements": 13, "percent_covered": 0.0, "percent_covered_display": "0.00", "missing_lines": 13, "excluded_lines": 0}, "missing_lines": [93, 96, 97, 98, 101, 102, 108, 111, 112, 115, 118, 119, 121], "excluded_lines": []}, "require_tenant": {"executed_lines": [], "summary": {"covered_lines": 0, "num_statements": 4, "percent_covered": 0.0, "percent_covered_display": "0.00", "missing_lines": 4, "excluded_lines": 0}, "missing_lines": [135, 136, 137, 141], "excluded_lines": []}, "get_tenant": {"executed_lines": [], "summary": {"covered_lines": 0, "num_statements": 1, "percent_covered": 0.0, "percent_covered_display": "0.00", "missing_lines": 1, "excluded_lines": 0}, "missing_lines": [158], "excluded_lines": []}, "": {"executed_lines": [1, 6, 7, 8, 9, 12, 13, 14, 17, 18, 22, 23, 52, 53, 59, 60, 83, 84, 125, 145], "summary": {"covered_lines": 18, "num_statements": 18, "percent_covered": 100.0, "percent_covered_display": "100.00", "missing_lines": 0, "excluded_lines": 0}, "missing_lines": [], "excluded_lines": []}}, "classes": {"TenantMiddleware": {"executed_lines": [34, 38, 39, 41, 42, 57, 70, 73, 74, 75, 78, 81], "summary": {"covered_lines": 12, "num_statements": 31, "percent_covered": 38.70967741935484, "percent_covered_display": "38.71", "missing_lines": 19, "excluded_lines": 0}, "missing_lines": [35, 44, 47, 48, 50, 79, 93, 96, 97, 98, 101, 102, 108, 111, 112, 115, 118, 119, 121], "excluded_lines": []}, "": {"executed_lines": [1, 6, 7, 8, 9, 12, 13, 14, 17, 18, 22, 23, 52, 53, 59, 60, 83, 84, 125, 145], "summary": {"covered_lines": 18, "num_statements": 23, "percent_covered": 78.26086956521739, "percent_covered_display": "78.26", "missing_lines": 5, "excluded_lines": 0}, "missing_lines": [135, 136, 137, 141, 158], "excluded_lines": []}}}, "secrets_manager.py": {"executed_lines": [], "summary": {"covered_lines": 0, "num_statements": 55, "percent_covered": 0.0, "percent_covered_display": "0.00", "missing_lines": 55, "excluded_lines": 14}, "missing_lines": [8, 9, 10, 11, 12, 15, 18, 19, 21, 22, 24, 25, 26, 28, 29, 44, 45, 47, 48, 49, 52, 53, 56, 59, 60, 62, 63, 64, 65, 66, 67, 68, 69, 71, 73, 74, 86, 87, 88, 89, 90, 91, 93, 94, 96, 100, 123, 124, 125, 126, 127, 128, 131, 132, 134], "excluded_lines": [138, 139, 141, 142, 143, 144, 146, 148, 149, 150, 152, 153, 154, 155], "functions": {"SecretsManager.get_client": {"executed_lines": [], "summary": {"covered_lines": 0, "num_statements": 3, "percent_covered": 0.0, "percent_covered_display": "0.00", "missing_lines": 3, "excluded_lines": 0}, "missing_lines": [24, 25, 26], "excluded_lines": []}, "SecretsManager.get_secret": {"executed_lines": [], "summary": {"covered_lines": 0, "num_statements": 19, "percent_covered": 0.0, "percent_covered_display": "0.00", "missing_lines": 19, "excluded_lines": 0}, "missing_lines": [44, 45, 47, 48, 49, 52, 53, 56, 59, 60, 62, 63, 64, 65, 66, 67, 68, 69, 71], "excluded_lines": []}, "SecretsManager.get_value": {"executed_lines": [], "summary": {"covered_lines": 0, "num_statements": 6, "percent_covered": 0.0, "percent_covered_display": "0.00", "missing_lines": 6, "excluded_lines": 0}, "missing_lines": [86, 87, 88, 89, 90, 91], "excluded_lines": []}, "SecretsManager.clear_cache": {"executed_lines": [], "summary": {"covered_lines": 0, "num_statements": 1, "percent_covered": 0.0, "percent_covered_display": "0.00", "missing_lines": 1, "excluded_lines": 0}, "missing_lines": [96], "excluded_lines": []}, "get_secret_value": {"executed_lines": [], "summary": {"covered_lines": 0, "num_statements": 9, "percent_covered": 0.0, "percent_covered_display": "0.00", "missing_lines": 9, "excluded_lines": 0}, "missing_lines": [123, 124, 125, 126, 127, 128, 131, 132, 134], "excluded_lines": []}, "": {"executed_lines": [], "summary": {"covered_lines": 0, "num_statements": 17, "percent_covered": 0.0, "percent_covered_display": "0.00", "missing_lines": 17, "excluded_lines": 14}, "missing_lines": [8, 9, 10, 11, 12, 15, 18, 19, 21, 22, 28, 29, 73, 74, 93, 94, 100], "excluded_lines": [138, 139, 141, 142, 143, 144, 146, 148, 149, 150, 152, 153, 154, 155]}}, "classes": {"SecretsManager": {"executed_lines": [], "summary": {"covered_lines": 0, "num_statements": 29, "percent_covered": 0.0, "percent_covered_display": "0.00", "missing_lines": 29, "excluded_lines": 0}, "missing_lines": [24, 25, 26, 44, 45, 47, 48, 49, 52, 53, 56, 59, 60, 62, 63, 64, 65, 66, 67, 68, 69, 71, 86, 87, 88, 89, 90, 91, 96], "excluded_lines": []}, "": {"executed_lines": [], "summary": {"covered_lines": 0, "num_statements": 26, "percent_covered": 0.0, "percent_covered_display": "0.00", "missing_lines": 26, "excluded_lines": 14}, "missing_lines": [8, 9, 10, 11, 12, 15, 18, 19, 21, 22, 28, 29, 73, 74, 93, 94, 100, 123, 124, 125, 126, 127, 128, 131, 132, 134], "excluded_lines": [138, 139, 141, 142, 143, 144, 146, 148, 149, 150, 152, 153, 154, 155]}}}, "sentry_config.py": {"executed_lines": [1, 6, 7, 8, 9, 11, 52], "summary": {"covered_lines": 6, "num_statements": 20, "percent_covered": 30.0, "percent_covered_display": "30.00", "missing_lines": 14, "excluded_lines": 0}, "missing_lines": [16, 17, 19, 20, 21, 23, 49, 57, 58, 59, 60, 61, 62, 64], "excluded_lines": [], "functions": {"init_sentry": {"executed_lines": [], "summary": {"covered_lines": 0, "num_statements": 7, "percent_covered": 0.0, "percent_covered_display": "0.00", "missing_lines": 7, "excluded_lines": 0}, "missing_lines": [16, 17, 19, 20, 21, 23, 49], "excluded_lines": []}, "before_send_callback": {"executed_lines": [], "summary": {"covered_lines": 0, "num_statements": 7, "percent_covered": 0.0, "percent_covered_display": "0.00", "missing_lines": 7, "excluded_lines": 0}, "missing_lines": [57, 58, 59, 60, 61, 62, 64], "excluded_lines": []}, "": {"executed_lines": [1, 6, 7, 8, 9, 11, 52], "summary": {"covered_lines": 6, "num_statements": 6, "percent_covered": 100.0, "percent_covered_display": "100.00", "missing_lines": 0, "excluded_lines": 0}, "missing_lines": [], "excluded_lines": []}}, "classes": {"": {"executed_lines": [1, 6, 7, 8, 9, 11, 52], "summary": {"covered_lines": 6, "num_statements": 20, "percent_covered": 30.0, "percent_covered_display": "30.00", "missing_lines": 14, "excluded_lines": 0}, "missing_lines": [16, 17, 19, 20, 21, 23, 49, 57, 58, 59, 60, 61, 62, 64], "excluded_lines": []}}}, "store_secret.py": {"executed_lines": [], "summary": {"covered_lines": 0, "num_statements": 101, "percent_covered": 0.0, "percent_covered_display": "0.00", "missing_lines": 101, "excluded_lines": 2}, "missing_lines": [11, 12, 13, 14, 17, 19, 22, 32, 33, 38, 39, 40, 41, 43, 44, 45, 46, 48, 49, 52, 54, 56, 58, 59, 62, 65, 70, 71, 73, 74, 75, 78, 80, 82, 83, 84, 86, 87, 89, 90, 91, 94, 95, 97, 98, 100, 102, 103, 104, 107, 109, 111, 112, 113, 114, 116, 117, 121, 122, 123, 124, 126, 127, 128, 131, 132, 133, 134, 135, 136, 137, 138, 139, 140, 141, 142, 143, 144, 145, 146, 147, 148, 150, 151, 153, 154, 156, 157, 158, 159, 160, 161, 162, 164, 165, 166, 168, 169, 172, 173, 174], "excluded_lines": [177, 178], "functions": {"create_secret": {"executed_lines": [], "summary": {"covered_lines": 0, "num_statements": 14, "percent_covered": 0.0, "percent_covered_display": "0.00", "missing_lines": 14, "excluded_lines": 0}, "missing_lines": [19, 22, 32, 33, 38, 39, 40, 41, 43, 44, 45, 46, 48, 49], "excluded_lines": []}, "update_secret_key": {"executed_lines": [], "summary": {"covered_lines": 0, "num_statements": 11, "percent_covered": 0.0, "percent_covered_display": "0.00", "missing_lines": 11, "excluded_lines": 0}, "missing_lines": [54, 56, 58, 59, 62, 65, 70, 71, 73, 74, 75], "excluded_lines": []}, "get_secret": {"executed_lines": [], "summary": {"covered_lines": 0, "num_statements": 17, "percent_covered": 0.0, "percent_covered_display": "0.00", "missing_lines": 17, "excluded_lines": 0}, "missing_lines": [80, 82, 83, 84, 86, 87, 89, 90, 91, 94, 95, 97, 98, 100, 102, 103, 104], "excluded_lines": []}, "delete_secret": {"executed_lines": [], "summary": {"covered_lines": 0, "num_statements": 14, "percent_covered": 0.0, "percent_covered_display": "0.00", "missing_lines": 14, "excluded_lines": 0}, "missing_lines": [109, 111, 112, 113, 114, 116, 117, 121, 122, 123, 124, 126, 127, 128], "excluded_lines": []}, "main": {"executed_lines": [], "summary": {"covered_lines": 0, "num_statements": 36, "percent_covered": 0.0, "percent_covered_display": "0.00", "missing_lines": 36, "excluded_lines": 0}, "missing_lines": [132, 133, 134, 135, 136, 137, 138, 139, 140, 141, 142, 143, 144, 145, 146, 147, 148, 150, 151, 153, 154, 156, 157, 158, 159, 160, 161, 162, 164, 165, 166, 168, 169, 172, 173, 174], "excluded_lines": []}, "": {"executed_lines": [], "summary": {"covered_lines": 0, "num_statements": 9, "percent_covered": 0.0, "percent_covered_display": "0.00", "missing_lines": 9, "excluded_lines": 2}, "missing_lines": [11, 12, 13, 14, 17, 52, 78, 107, 131], "excluded_lines": [177, 178]}}, "classes": {"": {"executed_lines": [], "summary": {"covered_lines": 0, "num_statements": 101, "percent_covered": 0.0, "percent_covered_display": "0.00", "missing_lines": 101, "excluded_lines": 2}, "missing_lines": [11, 12, 13, 14, 17, 19, 22, 32, 33, 38, 39, 40, 41, 43, 44, 45, 46, 48, 49, 52, 54, 56, 58, 59, 62, 65, 70, 71, 73, 74, 75, 78, 80, 82, 83, 84, 86, 87, 89, 90, 91, 94, 95, 97, 98, 100, 102, 103, 104, 107, 109, 111, 112, 113, 114, 116, 117, 121, 122, 123, 124, 126, 127, 128, 131, 132, 133, 134, 135, 136, 137, 138, 139, 140, 141, 142, 143, 144, 145, 146, 147, 148, 150, 151, 153, 154, 156, 157, 158, 159, 160, 161, 162, 164, 165, 166, 168, 169, 172, 173, 174], "excluded_lines": [177, 178]}}}, "test_multi_tienda_email.py": {"executed_lines": [], "summary": {"covered_lines": 0, "num_statements": 50, "percent_covered": 0.0, "percent_covered_display": "0.00", "missing_lines": 50, "excluded_lines": 2}, "missing_lines": [7, 8, 9, 10, 13, 16, 17, 18, 20, 22, 24, 27, 95, 96, 99, 106, 115, 116, 118, 120, 122, 124, 127, 171, 172, 175, 182, 191, 192, 194, 196, 198, 200, 201, 203, 204, 205, 206, 208, 209, 212, 214, 215, 218, 221, 222, 223, 224, 226, 228], "excluded_lines": [230, 231], "functions": {"test_ventas_email": {"executed_lines": [], "summary": {"covered_lines": 0, "num_statements": 10, "percent_covered": 0.0, "percent_covered_display": "0.00", "missing_lines": 10, "excluded_lines": 0}, "missing_lines": [24, 27, 95, 96, 99, 106, 115, 116, 118, 120], "excluded_lines": []}, "test_inventario_email": {"executed_lines": [], "summary": {"covered_lines": 0, "num_statements": 10, "percent_covered": 0.0, "percent_covered_display": "0.00", "missing_lines": 10, "excluded_lines": 0}, "missing_lines": [124, 127, 171, 172, 175, 182, 191, 192, 194, 196], "excluded_lines": []}, "main": {"executed_lines": [], "summary": {"covered_lines": 0, "num_statements": 18, "percent_covered": 0.0, "percent_covered_display": "0.00", "missing_lines": 18, "excluded_lines": 0}, "missing_lines": [200, 201, 203, 204, 205, 206, 208, 209, 212, 214, 215, 218, 221, 222, 223, 224, 226, 228], "excluded_lines": []}, "": {"executed_lines": [], "summary": {"covered_lines": 0, "num_statements": 12, "percent_covered": 0.0, "percent_covered_display": "0.00", "missing_lines": 12, "excluded_lines": 2}, "missing_lines": [7, 8, 9, 10, 13, 16, 17, 18, 20, 22, 122, 198], "excluded_lines": [230, 231]}}, "classes": {"": {"executed_lines": [], "summary": {"covered_lines": 0, "num_statements": 50, "percent_covered": 0.0, "percent_covered_display": "0.00", "missing_lines": 50, "excluded_lines": 2}, "missing_lines": [7, 8, 9, 10, 13, 16, 17, 18, 20, 22, 24, 27, 95, 96, 99, 106, 115, 116, 118, 120, 122, 124, 127, 171, 172, 175, 182, 191, 192, 194, 196, 198, 200, 201, 203, 204, 205, 206, 208, 209, 212, 214, 215, 218, 221, 222, 223, 224, 226, 228], "excluded_lines": [230, 231]}}}, "tiendas_config.py": {"executed_lines": [], "summary": {"covered_lines": 0, "num_statements": 43, "percent_covered": 0.0, "percent_covered_display": "0.00", "missing_lines": 43, "excluded_lines": 2}, "missing_lines": [7, 8, 9, 11, 12, 20, 21, 22, 23, 24, 26, 27, 28, 29, 30, 32, 33, 34, 35, 36, 38, 39, 40, 41, 42, 45, 333, 335, 336, 337, 339, 341, 343, 345, 346, 347, 348, 349, 350, 351, 352, 353, 354], "excluded_lines": [356, 357], "functions": {"get_tienda_config": {"executed_lines": [], "summary": {"covered_lines": 0, "num_statements": 3, "percent_covered": 0.0, "percent_covered_display": "0.00", "missing_lines": 3, "excluded_lines": 0}, "missing_lines": [335, 336, 337], "excluded_lines": []}, "get_tiendas_activas": {"executed_lines": [], "summary": {"covered_lines": 0, "num_statements": 1, "percent_covered": 0.0, "percent_covered_display": "0.00", "missing_lines": 1, "excluded_lines": 0}, "missing_lines": [341], "excluded_lines": []}, "listar_tiendas": {"executed_lines": [], "summary": {"covered_lines": 0, "num_statements": 10, "percent_covered": 0.0, "percent_covered_display": "0.00", "missing_lines": 10, "excluded_lines": 0}, "missing_lines": [345, 346, 347, 348, 349, 350, 351, 352, 353, 354], "excluded_lines": []}, "": {"executed_lines": [], "summary": {"covered_lines": 0, "num_statements": 29, "percent_covered": 0.0, "percent_covered_display": "0.00", "missing_lines": 29, "excluded_lines": 2}, "missing_lines": [7, 8, 9, 11, 12, 20, 21, 22, 23, 24, 26, 27, 28, 29, 30, 32, 33, 34, 35, 36, 38, 39, 40, 41, 42, 45, 333, 339, 343], "excluded_lines": [356, 357]}}, "classes": {"TiendaConfig": {"executed_lines": [], "summary": {"covered_lines": 0, "num_statements": 0, "percent_covered": 100.0, "percent_covered_display": "100.00", "missing_lines": 0, "excluded_lines": 0}, "missing_lines": [], "excluded_lines": []}, "": {"executed_lines": [], "summary": {"covered_lines": 0, "num_statements": 43, "percent_covered": 0.0, "percent_covered_display": "0.00", "missing_lines": 43, "excluded_lines": 2}, "missing_lines": [7, 8, 9, 11, 12, 20, 21, 22, 23, 24, 26, 27, 28, 29, 30, 32, 33, 34, 35, 36, 38, 39, 40, 41, 42, 45, 333, 335, 336, 337, 339, 341, 343, 345, 346, 347, 348, 349, 350, 351, 352, 353, 354], "excluded_lines": [356, 357]}}}}, "totals": {"covered_lines": 305, "num_statements": 2142, "percent_covered": 14.239028944911297, "percent_covered_display": "14.24", "missing_lines": 1837, "excluded_lines": 43}}